This is pdfTeX, Version 3.141592653-2.6-1.40.22 (MiKTeX 21.3) (preloaded format=pdflatex 2021.3.23)  17 MAY 2021 09:21
entering extended mode
**c:/Users/yulel/Documents/LaTeX/Progression-report/main.tex
(c:/Users/yulel/Documents/LaTeX/Progression-report/main.tex
LaTeX2e <2020-10-01> patch level 4
L3 programming layer <2021-02-18> (C:\Users\yulel\AppData\Local\Programs\MiKTeX\tex/latex/base\report.cls
Document Class: report 2020/04/10 v1.4m Standard LaTeX document class
(C:\Users\yulel\AppData\Local\Programs\MiKTeX\tex/latex/base\size10.clo
File: size10.clo 2020/04/10 v1.4m Standard LaTeX file (size option)
)
\c@part=\count179
\c@chapter=\count180
\c@section=\count181
\c@subsection=\count182
\c@subsubsection=\count183
\c@paragraph=\count184
\c@subparagraph=\count185
\c@figure=\count186
\c@table=\count187
\abovecaptionskip=\skip47
\belowcaptionskip=\skip48
\bibindent=\dimen138
) (C:\Users\yulel\AppData\Local\Programs\MiKTeX\tex/latex/base\inputenc.sty
Package: inputenc 2020/08/01 v1.3d Input encoding file
\inpenc@prehook=\toks15
\inpenc@posthook=\toks16
) (C:\Users\yulel\AppData\Local\Programs\MiKTeX\tex/latex/was\gensymb.sty
Package: gensymb 2003/07/02 v1.0 (WaS)
) (C:\Users\yulel\AppData\Local\Programs\MiKTeX\tex/latex/graphics\color.sty
Package: color 2020/02/24 v1.2b Standard LaTeX Color (DPC)
 (C:\Users\yulel\AppData\Local\Programs\MiKTeX\tex/latex/graphics-cfg\color.cfg
File: color.cfg 2016/01/02 v1.6 sample color configuration
)
Package color Info: Driver file: pdftex.def on input line 147.
 (C:\Users\yulel\AppData\Local\Programs\MiKTeX\tex/latex/graphics-def\pdftex.def
File: pdftex.def 2020/10/05 v1.2a Graphics/color driver for pdftex
)) (C:\Users\yulel\AppData\Local\Programs\MiKTeX\tex/generic/soul\soul.sty
Package: soul 2003/11/17 v2.4 letterspacing/underlining (mf)
\SOUL@word=\toks17
\SOUL@lasttoken=\toks18
\SOUL@cmds=\toks19
\SOUL@buffer=\toks20
\SOUL@token=\toks21
\SOUL@spaceskip=\skip49
\SOUL@ttwidth=\dimen139
\SOUL@uldp=\dimen140
\SOUL@ulht=\dimen141
) (C:\Users\yulel\AppData\Local\Programs\MiKTeX\tex/latex/graphics\graphicx.sty
Package: graphicx 2020/09/09 v1.2b Enhanced LaTeX Graphics (DPC,SPQR)
 (C:\Users\yulel\AppData\Local\Programs\MiKTeX\tex/latex/graphics\keyval.sty
Package: keyval 2014/10/28 v1.15 key=value parser (DPC)
\KV@toks@=\toks22
) (C:\Users\yulel\AppData\Local\Programs\MiKTeX\tex/latex/graphics\graphics.sty
Package: graphics 2020/08/30 v1.4c Standard LaTeX Graphics (DPC,SPQR)
 (C:\Users\yulel\AppData\Local\Programs\MiKTeX\tex/latex/graphics\trig.sty
Package: trig 2016/01/03 v1.10 sin cos tan (DPC)
) (C:\Users\yulel\AppData\Local\Programs\MiKTeX\tex/latex/graphics-cfg\graphics.cfg
File: graphics.cfg 2016/06/04 v1.11 sample graphics configuration
)
Package graphics Info: Driver file: pdftex.def on input line 105.
)
\Gin@req@height=\dimen142
\Gin@req@width=\dimen143
) (C:\Users\yulel\AppData\Local\Programs\MiKTeX\tex/latex/xcolor\xcolor.sty
Package: xcolor 2016/05/11 v2.12 LaTeX color extensions (UK)
 (C:\Users\yulel\AppData\Local\Programs\MiKTeX\tex/latex/graphics-cfg\color.cfg
File: color.cfg 2016/01/02 v1.6 sample color configuration
)
Package xcolor Info: Driver file: pdftex.def on input line 225.
LaTeX Info: Redefining \color on input line 709.
Package xcolor Info: Model `cmy' substituted by `cmy0' on input line 1348.
Package xcolor Info: Model `hsb' substituted by `rgb' on input line 1352.
Package xcolor Info: Model `RGB' extended on input line 1364.
Package xcolor Info: Model `HTML' substituted by `rgb' on input line 1366.
Package xcolor Info: Model `Hsb' substituted by `hsb' on input line 1367.
Package xcolor Info: Model `tHsb' substituted by `hsb' on input line 1368.
Package xcolor Info: Model `HSB' substituted by `hsb' on input line 1369.
Package xcolor Info: Model `Gray' substituted by `gray' on input line 1370.
Package xcolor Info: Model `wave' substituted by `hsb' on input line 1371.
) (C:\Users\yulel\AppData\Local\Programs\MiKTeX\tex/latex/amsfonts\amssymb.sty
Package: amssymb 2013/01/14 v3.01 AMS font symbols
 (C:\Users\yulel\AppData\Local\Programs\MiKTeX\tex/latex/amsfonts\amsfonts.sty
Package: amsfonts 2013/01/14 v3.01 Basic AMSFonts support
\@emptytoks=\toks23
\symAMSa=\mathgroup4
\symAMSb=\mathgroup5
LaTeX Font Info:    Redeclaring math symbol \hbar on input line 98.
LaTeX Font Info:    Overwriting math alphabet `\mathfrak' in version `bold'
(Font)                  U/euf/m/n --> U/euf/b/n on input line 106.
)) (C:\Users\yulel\AppData\Local\Programs\MiKTeX\tex/latex/tabu\tabu.sty
Package: tabu 2019/01/11 v2.9 - flexible LaTeX tabulars (FC+tabu-fixed)
 (C:\Users\yulel\AppData\Local\Programs\MiKTeX\tex/latex/latex-tools\array.sty
Package: array 2020/10/01 v2.5c Tabular extension package (FMi)
\col@sep=\dimen144
\ar@mcellbox=\box47
\extrarowheight=\dimen145
\NC@list=\toks24
\extratabsurround=\skip50
\backup@length=\skip51
\ar@cellbox=\box48
) (C:\Users\yulel\AppData\Local\Programs\MiKTeX\tex/latex/varwidth\varwidth.sty
Package: varwidth 2009/03/30 ver 0.92;  Variable-width minipages
\@vwid@box=\box49
\sift@deathcycles=\count188
\@vwid@loff=\dimen146
\@vwid@roff=\dimen147
)
\c@taburow=\count189
\tabu@nbcols=\count190
\tabu@cnt=\count191
\tabu@Xcol=\count192
\tabu@alloc=\count193
\tabu@nested=\count194
\tabu@target=\dimen148
\tabu@spreadtarget=\dimen149
\tabu@naturalX=\dimen150
\tabucolX=\dimen151
\tabu@Xsum=\dimen152
\extrarowdepth=\dimen153
\abovetabulinesep=\dimen154
\belowtabulinesep=\dimen155
\tabustrutrule=\dimen156
\tabu@thebody=\toks25
\tabu@footnotes=\toks26
\tabu@box=\box50
\tabu@arstrutbox=\box51
\tabu@hleads=\box52
\tabu@vleads=\box53
\tabu@cellskip=\skip52
) (C:\Users\yulel\AppData\Local\Programs\MiKTeX\tex/latex/tabulary\tabulary.sty
Package: tabulary 2014/06/11 v0.10 tabulary package (DPC)
\TY@count=\count195
\TY@linewidth=\dimen157
\tymin=\dimen158
\tymax=\dimen159
\TY@tablewidth=\dimen160
) (C:\Users\yulel\AppData\Local\Programs\MiKTeX\tex/latex/booktabs\booktabs.sty
Package: booktabs 2020/01/12 v1.61803398 Publication quality tables
\heavyrulewidth=\dimen161
\lightrulewidth=\dimen162
\cmidrulewidth=\dimen163
\belowrulesep=\dimen164
\belowbottomsep=\dimen165
\aboverulesep=\dimen166
\abovetopsep=\dimen167
\cmidrulesep=\dimen168
\cmidrulekern=\dimen169
\defaultaddspace=\dimen170
\@cmidla=\count196
\@cmidlb=\count197
\@aboverulesep=\dimen171
\@belowrulesep=\dimen172
\@thisruleclass=\count198
\@lastruleclass=\count199
\@thisrulewidth=\dimen173
) (C:\Users\yulel\AppData\Local\Programs\MiKTeX\tex/latex/moreverb\moreverb.sty
Package: moreverb 2008/06/03 v2.3a `more' verbatim facilities
 (C:\Users\yulel\AppData\Local\Programs\MiKTeX\tex/latex/latex-tools\verbatim.sty
Package: verbatim 2020-07-07 v1.5u LaTeX2e package for verbatim enhancements
\every@verbatim=\toks27
\verbatim@line=\toks28
\verbatim@in@stream=\read2
)
\tab@position=\count266
\tab@size=\count267
\listing@line=\count268
) (C:\Users\yulel\AppData\Local\Programs\MiKTeX\tex/latex/url\url.sty
\Urlmuskip=\muskip16
Package: url 2013/09/16  ver 3.4  Verb mode for urls, etc.
) (C:\Users\yulel\AppData\Local\Programs\MiKTeX\tex/latex/hyperref\hyperref.sty
Package: hyperref 2021-02-27 v7.00k Hypertext links for LaTeX
 (C:\Users\yulel\AppData\Local\Programs\MiKTeX\tex/generic/ltxcmds\ltxcmds.sty
Package: ltxcmds 2020-05-10 v1.25 LaTeX kernel commands for general use (HO)
) (C:\Users\yulel\AppData\Local\Programs\MiKTeX\tex/generic/iftex\iftex.sty
Package: iftex 2020/03/06 v1.0d TeX engine tests
) (C:\Users\yulel\AppData\Local\Programs\MiKTeX\tex/generic/pdftexcmds\pdftexcmds.sty
Package: pdftexcmds 2020-06-27 v0.33 Utility functions of pdfTeX for LuaTeX (HO)
 (C:\Users\yulel\AppData\Local\Programs\MiKTeX\tex/generic/infwarerr\infwarerr.sty
Package: infwarerr 2019/12/03 v1.5 Providing info/warning/error messages (HO)
)
Package pdftexcmds Info: \pdf@primitive is available.
Package pdftexcmds Info: \pdf@ifprimitive is available.
Package pdftexcmds Info: \pdfdraftmode found.
) (C:\Users\yulel\AppData\Local\Programs\MiKTeX\tex/generic/kvsetkeys\kvsetkeys.sty
Package: kvsetkeys 2019/12/15 v1.18 Key value parser (HO)
) (C:\Users\yulel\AppData\Local\Programs\MiKTeX\tex/generic/kvdefinekeys\kvdefinekeys.sty
Package: kvdefinekeys 2019-12-19 v1.6 Define keys (HO)
) (C:\Users\yulel\AppData\Local\Programs\MiKTeX\tex/generic/pdfescape\pdfescape.sty
Package: pdfescape 2019/12/09 v1.15 Implements pdfTeX's escape features (HO)
) (C:\Users\yulel\AppData\Local\Programs\MiKTeX\tex/latex/hycolor\hycolor.sty
Package: hycolor 2020-01-27 v1.10 Color options for hyperref/bookmark (HO)
) (C:\Users\yulel\AppData\Local\Programs\MiKTeX\tex/latex/letltxmacro\letltxmacro.sty
Package: letltxmacro 2019/12/03 v1.6 Let assignment for LaTeX macros (HO)
) (C:\Users\yulel\AppData\Local\Programs\MiKTeX\tex/latex/auxhook\auxhook.sty
Package: auxhook 2019-12-17 v1.6 Hooks for auxiliary files (HO)
) (C:\Users\yulel\AppData\Local\Programs\MiKTeX\tex/latex/kvoptions\kvoptions.sty
Package: kvoptions 2020-10-07 v3.14 Key value format for package options (HO)
)
\@linkdim=\dimen174
\Hy@linkcounter=\count269
\Hy@pagecounter=\count270
 (C:\Users\yulel\AppData\Local\Programs\MiKTeX\tex/latex/hyperref\pd1enc.def
File: pd1enc.def 2021-02-27 v7.00k Hyperref: PDFDocEncoding definition (HO)
Now handling font encoding PD1 ...
... no UTF-8 mapping file for font encoding PD1
) (C:\Users\yulel\AppData\Local\Programs\MiKTeX\tex/latex/hyperref\hyperref-langpatches.def
File: hyperref-langpatches.def 2021-02-27 v7.00k Hyperref: patches for babel languages
) (C:\Users\yulel\AppData\Local\Programs\MiKTeX\tex/generic/intcalc\intcalc.sty
Package: intcalc 2019/12/15 v1.3 Expandable calculations with integers (HO)
) (C:\Users\yulel\AppData\Local\Programs\MiKTeX\tex/generic/etexcmds\etexcmds.sty
Package: etexcmds 2019/12/15 v1.7 Avoid name clashes with e-TeX commands (HO)
)
\Hy@SavedSpaceFactor=\count271
 (C:\Users\yulel\AppData\Local\Programs\MiKTeX\tex/latex/hyperref\puenc.def
File: puenc.def 2021-02-27 v7.00k Hyperref: PDF Unicode definition (HO)
Now handling font encoding PU ...
... no UTF-8 mapping file for font encoding PU
)
Package hyperref Info: Option `colorlinks' set `true' on input line 4073.
Package hyperref Info: Option `bookmarksopen' set `true' on input line 4073.
Package hyperref Info: Option `bookmarksnumbered' set `true' on input line 4073.
Package hyperref Info: Hyper figures OFF on input line 4192.
Package hyperref Info: Link nesting OFF on input line 4197.
Package hyperref Info: Hyper index ON on input line 4200.
Package hyperref Info: Plain pages OFF on input line 4207.
Package hyperref Info: Backreferencing OFF on input line 4212.
Package hyperref Info: Implicit mode ON; LaTeX internals redefined.
Package hyperref Info: Bookmarks ON on input line 4445.
\c@Hy@tempcnt=\count272
LaTeX Info: Redefining \url on input line 4804.
\XeTeXLinkMargin=\dimen175
 (C:\Users\yulel\AppData\Local\Programs\MiKTeX\tex/generic/bitset\bitset.sty
Package: bitset 2019/12/09 v1.3 Handle bit-vector datatype (HO)
 (C:\Users\yulel\AppData\Local\Programs\MiKTeX\tex/generic/bigintcalc\bigintcalc.sty
Package: bigintcalc 2019/12/15 v1.5 Expandable calculations on big integers (HO)
))
\Fld@menulength=\count273
\Field@Width=\dimen176
\Fld@charsize=\dimen177
Package hyperref Info: Hyper figures OFF on input line 6075.
Package hyperref Info: Link nesting OFF on input line 6080.
Package hyperref Info: Hyper index ON on input line 6083.
Package hyperref Info: backreferencing OFF on input line 6090.
Package hyperref Info: Link coloring ON on input line 6093.
Package hyperref Info: Link coloring with OCG OFF on input line 6100.
Package hyperref Info: PDF/A mode OFF on input line 6105.
LaTeX Info: Redefining \ref on input line 6145.
LaTeX Info: Redefining \pageref on input line 6149.
 (C:\Users\yulel\AppData\Local\Programs\MiKTeX\tex/latex/base\atbegshi-ltx.sty
Package: atbegshi-ltx 2020/08/17 v1.0a Emulation of the original atbegshi package
with kernel methods
)
\Hy@abspage=\count274
\c@Item=\count275
\c@Hfootnote=\count276
)
Package hyperref Info: Driver (autodetected): hpdftex.
 (C:\Users\yulel\AppData\Local\Programs\MiKTeX\tex/latex/hyperref\hpdftex.def
File: hpdftex.def 2021-02-27 v7.00k Hyperref driver for pdfTeX
 (C:\Users\yulel\AppData\Local\Programs\MiKTeX\tex/latex/base\atveryend-ltx.sty
Package: atveryend-ltx 2020/08/19 v1.0a Emulation of the original atvery package
with kernel methods
)
\Fld@listcount=\count277
\c@bookmark@seq@number=\count278
 (C:\Users\yulel\AppData\Local\Programs\MiKTeX\tex/latex/rerunfilecheck\rerunfilecheck.sty
Package: rerunfilecheck 2019/12/05 v1.9 Rerun checks for auxiliary files (HO)
 (C:\Users\yulel\AppData\Local\Programs\MiKTeX\tex/generic/uniquecounter\uniquecounter.sty
Package: uniquecounter 2019/12/15 v1.4 Provide unlimited unique counter (HO)
)
Package uniquecounter Info: New unique counter `rerunfilecheck' on input line 286.
)
\Hy@SectionHShift=\skip53
) (C:\Users\yulel\AppData\Local\Programs\MiKTeX\tex/latex/base\textcomp.sty
Package: textcomp 2020/02/02 v2.0n Standard LaTeX package
) (C:\Users\yulel\AppData\Local\Programs\MiKTeX\tex/latex/siunitx\siunitx.sty (C:\Users\yulel\AppData\Local\Programs\MiKTeX\tex/latex/l3kernel\expl3.sty
Package: expl3 2021-02-18 L3 programming layer (loader) 
 (C:\Users\yulel\AppData\Local\Programs\MiKTeX\tex/latex/l3backend\l3backend-pdftex.def
File: l3backend-pdftex.def 2021-03-02 L3 backend support: PDF output (pdfTeX)
\l__color_backend_stack_int=\count279
\l__pdf_internal_box=\box54
)) (C:\Users\yulel\AppData\Local\Programs\MiKTeX\tex/latex/l3packages/xparse\xparse.sty (C:\Users\yulel\AppData\Local\Programs\MiKTeX\tex/latex/l3packages/xparse\xparse-2020-10-01.sty (C:\Users\yulel\AppData\Local\Programs\MiKTeX\tex/latex/l3packages/xparse\xparse-generic.tex)))
Package: siunitx 2020/02/25 v2.8b A comprehensive (SI) units package
 (C:\Users\yulel\AppData\Local\Programs\MiKTeX\tex/latex/amsmath\amstext.sty
Package: amstext 2000/06/29 v2.01 AMS text
 (C:\Users\yulel\AppData\Local\Programs\MiKTeX\tex/latex/amsmath\amsgen.sty
File: amsgen.sty 1999/11/30 v2.0 generic functions
\@emptytoks=\toks29
\ex@=\dimen178
)) (C:\Users\yulel\AppData\Local\Programs\MiKTeX\tex/latex/l3packages/l3keys2e\l3keys2e.sty
Package: l3keys2e 2021-03-12 LaTeX2e option processing using LaTeX3 keys
)
\l__siunitx_tmp_box=\box55
\l__siunitx_tmp_dim=\dimen179
\l__siunitx_tmp_int=\count280
\l__siunitx_number_mantissa_length_int=\count281
\l__siunitx_number_uncert_length_int=\count282
\l__siunitx_round_int=\count283
\l__siunitx_process_decimal_int=\count284
\l__siunitx_process_uncertainty_int=\count285
\l__siunitx_process_fixed_int=\count286
\l__siunitx_process_integer_min_int=\count287
\l__siunitx_process_precision_int=\count288
\l__siunitx_group_min_int=\count289
\l__siunitx_angle_marker_box=\box56
\l__siunitx_angle_unit_box=\box57
\l__siunitx_angle_marker_dim=\dimen180
\l__siunitx_angle_unit_dim=\dimen181
\l__siunitx_unit_int=\count290
\l__siunitx_unit_denominator_int=\count291
\l__siunitx_unit_numerator_int=\count292
\l__siunitx_unit_prefix_int=\count293
\l__siunitx_unit_prefix_base_int=\count294
\l__siunitx_unit_prefix_gram_int=\count295
\l__siunitx_number_product_int=\count296
\c__siunitx_one_fill_skip=\skip54
\l__siunitx_table_unit_align_skip=\skip55
\l__siunitx_table_exponent_dim=\dimen182
\l__siunitx_table_integer_dim=\dimen183
\l__siunitx_table_mantissa_dim=\dimen184
\l__siunitx_table_marker_dim=\dimen185
\l__siunitx_table_result_dim=\dimen186
\l__siunitx_table_uncert_dim=\dimen187
\l__siunitx_table_fill_pre_dim=\dimen188
\l__siunitx_table_fill_post_dim=\dimen189
\l__siunitx_table_fill_mid_dim=\dimen190
\l__siunitx_table_pre_box=\box58
\l__siunitx_table_post_box=\box59
\l__siunitx_table_mantissa_box=\box60
\l__siunitx_table_result_box=\box61
\l__siunitx_table_number_align_skip=\skip56
\l__siunitx_table_text_align_skip=\skip57
 (C:\Users\yulel\AppData\Local\Programs\MiKTeX\tex/latex/translator\translator.sty
Package: translator 2020-08-03 v1.12c Easy translation of strings in LaTeX
)) (C:\Users\yulel\AppData\Local\Programs\MiKTeX\tex/latex/latex-tools\tabularx.sty
Package: tabularx 2020/01/15 v2.11c `tabularx' package (DPC)
\TX@col@width=\dimen191
\TX@old@table=\dimen192
\TX@old@col=\dimen193
\TX@target=\dimen194
\TX@delta=\dimen195
\TX@cols=\count297
\TX@ftn=\toks30
) (C:\Users\yulel\AppData\Local\Programs\MiKTeX\tex/latex/amsmath\amsmath.sty
Package: amsmath 2020/09/23 v2.17i AMS math features
\@mathmargin=\skip58

For additional information on amsmath, use the `?' option.
(C:\Users\yulel\AppData\Local\Programs\MiKTeX\tex/latex/amsmath\amsbsy.sty
Package: amsbsy 1999/11/29 v1.2d Bold Symbols
\pmbraise@=\dimen196
) (C:\Users\yulel\AppData\Local\Programs\MiKTeX\tex/latex/amsmath\amsopn.sty
Package: amsopn 2016/03/08 v2.02 operator names
)
\inf@bad=\count298
LaTeX Info: Redefining \frac on input line 234.
\uproot@=\count299
\leftroot@=\count300
LaTeX Info: Redefining \overline on input line 399.
\classnum@=\count301
\DOTSCASE@=\count302
LaTeX Info: Redefining \ldots on input line 496.
LaTeX Info: Redefining \dots on input line 499.
LaTeX Info: Redefining \cdots on input line 620.
\Mathstrutbox@=\box62
\strutbox@=\box63
\big@size=\dimen197
LaTeX Font Info:    Redeclaring font encoding OML on input line 743.
LaTeX Font Info:    Redeclaring font encoding OMS on input line 744.
\macc@depth=\count303
\c@MaxMatrixCols=\count304
\dotsspace@=\muskip17
\c@parentequation=\count305
\dspbrk@lvl=\count306
\tag@help=\toks31
\row@=\count307
\column@=\count308
\maxfields@=\count309
\andhelp@=\toks32
\eqnshift@=\dimen198
\alignsep@=\dimen199
\tagshift@=\dimen256
\tagwidth@=\dimen257
\totwidth@=\dimen258
\lineht@=\dimen259
\@envbody=\toks33
\multlinegap=\skip59
\multlinetaggap=\skip60
\mathdisplay@stack=\toks34
LaTeX Info: Redefining \[ on input line 2923.
LaTeX Info: Redefining \] on input line 2924.
) (C:\Users\yulel\AppData\Local\Programs\MiKTeX\tex/latex/titlesec\titlesec.sty
Package: titlesec 2019/10/16 v2.13 Sectioning titles
\ttl@box=\box64
\beforetitleunit=\skip61
\aftertitleunit=\skip62
\ttl@plus=\dimen260
\ttl@minus=\dimen261
\ttl@toksa=\toks35
\titlewidth=\dimen262
\titlewidthlast=\dimen263
\titlewidthfirst=\dimen264
) (C:\Users\yulel\AppData\Local\Programs\MiKTeX\tex/latex/geometry\geometry.sty
Package: geometry 2020/01/02 v5.9 Page Geometry
 (C:\Users\yulel\AppData\Local\Programs\MiKTeX\tex/generic/iftex\ifvtex.sty
Package: ifvtex 2019/10/25 v1.7 ifvtex legacy package. Use iftex instead.
)
\Gm@cnth=\count310
\Gm@cntv=\count311
\c@Gm@tempcnt=\count312
\Gm@bindingoffset=\dimen265
\Gm@wd@mp=\dimen266
\Gm@odd@mp=\dimen267
\Gm@even@mp=\dimen268
\Gm@layoutwidth=\dimen269
\Gm@layoutheight=\dimen270
\Gm@layouthoffset=\dimen271
\Gm@layoutvoffset=\dimen272
\Gm@dimlist=\toks36
 (C:\Users\yulel\AppData\Local\Programs\MiKTeX\tex/latex/geometry\geometry.cfg)) (C:\Users\yulel\AppData\Local\Programs\MiKTeX\tex/latex/ragged2e\ragged2e.sty
Package: ragged2e 2021/02/05 v3.0 ragged2e Package
 (C:\Users\yulel\AppData\Local\Programs\MiKTeX\tex/latex/everysel\everysel.sty
Package: everysel 2021/01/20 v2.1 EverySelectfont Package (MS)
 (C:\Users\yulel\AppData\Local\Programs\MiKTeX\tex/latex/everysel\everysel-2011-10-28.sty))
\CenteringLeftskip=\skip63
\RaggedLeftLeftskip=\skip64
\RaggedRightLeftskip=\skip65
\CenteringRightskip=\skip66
\RaggedLeftRightskip=\skip67
\RaggedRightRightskip=\skip68
\CenteringParfillskip=\skip69
\RaggedLeftParfillskip=\skip70
\RaggedRightParfillskip=\skip71
\JustifyingParfillskip=\skip72
\CenteringParindent=\skip73
\RaggedLeftParindent=\skip74
\RaggedRightParindent=\skip75
\JustifyingParindent=\skip76
) (C:\Users\yulel\AppData\Local\Programs\MiKTeX\tex/latex/pdflscape\pdflscape.sty
Package: pdflscape 2019/12/05 v0.12 Display of landscape pages in PDF (HO)
 (C:\Users\yulel\AppData\Local\Programs\MiKTeX\tex/latex/graphics\lscape.sty
Package: lscape 2020/05/28 v3.02 Landscape Pages (DPC)
)
Package pdflscape Info: Auto-detected driver: pdftex on input line 81.
) (C:\Users\yulel\AppData\Local\Programs\MiKTeX\tex/latex/pgfgantt\pgfgantt.sty
Package: pgfgantt 2018/01/10 v5.0 Draw Gantt diagrams with TikZ
 (C:\Users\yulel\AppData\Local\Programs\MiKTeX\tex/latex/pgf/frontendlayer\tikz.sty (C:\Users\yulel\AppData\Local\Programs\MiKTeX\tex/latex/pgf/basiclayer\pgf.sty (C:\Users\yulel\AppData\Local\Programs\MiKTeX\tex/latex/pgf/utilities\pgfrcs.sty (C:\Users\yulel\AppData\Local\Programs\MiKTeX\tex/generic/pgf/utilities\pgfutil-common.tex
\pgfutil@everybye=\toks37
\pgfutil@tempdima=\dimen273
\pgfutil@tempdimb=\dimen274
 (C:\Users\yulel\AppData\Local\Programs\MiKTeX\tex/generic/pgf/utilities\pgfutil-common-lists.tex)) (C:\Users\yulel\AppData\Local\Programs\MiKTeX\tex/generic/pgf/utilities\pgfutil-latex.def
\pgfutil@abb=\box65
) (C:\Users\yulel\AppData\Local\Programs\MiKTeX\tex/generic/pgf/utilities\pgfrcs.code.tex (C:\Users\yulel\AppData\Local\Programs\MiKTeX\tex/generic/pgf\pgf.revision.tex)
Package: pgfrcs 2020/12/27 v3.1.8b (3.1.8b)
))
Package: pgf 2020/12/27 v3.1.8b (3.1.8b)
 (C:\Users\yulel\AppData\Local\Programs\MiKTeX\tex/latex/pgf/basiclayer\pgfcore.sty (C:\Users\yulel\AppData\Local\Programs\MiKTeX\tex/latex/pgf/systemlayer\pgfsys.sty (C:\Users\yulel\AppData\Local\Programs\MiKTeX\tex/generic/pgf/systemlayer\pgfsys.code.tex
Package: pgfsys 2020/12/27 v3.1.8b (3.1.8b)
 (C:\Users\yulel\AppData\Local\Programs\MiKTeX\tex/generic/pgf/utilities\pgfkeys.code.tex
\pgfkeys@pathtoks=\toks38
\pgfkeys@temptoks=\toks39
 (C:\Users\yulel\AppData\Local\Programs\MiKTeX\tex/generic/pgf/utilities\pgfkeysfiltered.code.tex
\pgfkeys@tmptoks=\toks40
))
\pgf@x=\dimen275
\pgf@y=\dimen276
\pgf@xa=\dimen277
\pgf@ya=\dimen278
\pgf@xb=\dimen279
\pgf@yb=\dimen280
\pgf@xc=\dimen281
\pgf@yc=\dimen282
\pgf@xd=\dimen283
\pgf@yd=\dimen284
\w@pgf@writea=\write3
\r@pgf@reada=\read3
\c@pgf@counta=\count313
\c@pgf@countb=\count314
\c@pgf@countc=\count315
\c@pgf@countd=\count316
\t@pgf@toka=\toks41
\t@pgf@tokb=\toks42
\t@pgf@tokc=\toks43
\pgf@sys@id@count=\count317
 (C:\Users\yulel\AppData\Local\Programs\MiKTeX\tex/generic/pgf/systemlayer\pgf.cfg
File: pgf.cfg 2020/12/27 v3.1.8b (3.1.8b)
)
Driver file for pgf: pgfsys-pdftex.def
 (C:\Users\yulel\AppData\Local\Programs\MiKTeX\tex/generic/pgf/systemlayer\pgfsys-pdftex.def
File: pgfsys-pdftex.def 2020/12/27 v3.1.8b (3.1.8b)
 (C:\Users\yulel\AppData\Local\Programs\MiKTeX\tex/generic/pgf/systemlayer\pgfsys-common-pdf.def
File: pgfsys-common-pdf.def 2020/12/27 v3.1.8b (3.1.8b)
))) (C:\Users\yulel\AppData\Local\Programs\MiKTeX\tex/generic/pgf/systemlayer\pgfsyssoftpath.code.tex
File: pgfsyssoftpath.code.tex 2020/12/27 v3.1.8b (3.1.8b)
\pgfsyssoftpath@smallbuffer@items=\count318
\pgfsyssoftpath@bigbuffer@items=\count319
) (C:\Users\yulel\AppData\Local\Programs\MiKTeX\tex/generic/pgf/systemlayer\pgfsysprotocol.code.tex
File: pgfsysprotocol.code.tex 2020/12/27 v3.1.8b (3.1.8b)
)) (C:\Users\yulel\AppData\Local\Programs\MiKTeX\tex/generic/pgf/basiclayer\pgfcore.code.tex
Package: pgfcore 2020/12/27 v3.1.8b (3.1.8b)
 (C:\Users\yulel\AppData\Local\Programs\MiKTeX\tex/generic/pgf/math\pgfmath.code.tex (C:\Users\yulel\AppData\Local\Programs\MiKTeX\tex/generic/pgf/math\pgfmathcalc.code.tex (C:\Users\yulel\AppData\Local\Programs\MiKTeX\tex/generic/pgf/math\pgfmathutil.code.tex) (C:\Users\yulel\AppData\Local\Programs\MiKTeX\tex/generic/pgf/math\pgfmathparser.code.tex
\pgfmath@dimen=\dimen285
\pgfmath@count=\count320
\pgfmath@box=\box66
\pgfmath@toks=\toks44
\pgfmath@stack@operand=\toks45
\pgfmath@stack@operation=\toks46
) (C:\Users\yulel\AppData\Local\Programs\MiKTeX\tex/generic/pgf/math\pgfmathfunctions.code.tex (C:\Users\yulel\AppData\Local\Programs\MiKTeX\tex/generic/pgf/math\pgfmathfunctions.basic.code.tex) (C:\Users\yulel\AppData\Local\Programs\MiKTeX\tex/generic/pgf/math\pgfmathfunctions.trigonometric.code.tex) (C:\Users\yulel\AppData\Local\Programs\MiKTeX\tex/generic/pgf/math\pgfmathfunctions.random.code.tex) (C:\Users\yulel\AppData\Local\Programs\MiKTeX\tex/generic/pgf/math\pgfmathfunctions.comparison.code.tex) (C:\Users\yulel\AppData\Local\Programs\MiKTeX\tex/generic/pgf/math\pgfmathfunctions.base.code.tex) (C:\Users\yulel\AppData\Local\Programs\MiKTeX\tex/generic/pgf/math\pgfmathfunctions.round.code.tex) (C:\Users\yulel\AppData\Local\Programs\MiKTeX\tex/generic/pgf/math\pgfmathfunctions.misc.code.tex) (C:\Users\yulel\AppData\Local\Programs\MiKTeX\tex/generic/pgf/math\pgfmathfunctions.integerarithmetics.code.tex))) (C:\Users\yulel\AppData\Local\Programs\MiKTeX\tex/generic/pgf/math\pgfmathfloat.code.tex
\c@pgfmathroundto@lastzeros=\count321
)) (C:\Users\yulel\AppData\Local\Programs\MiKTeX\tex/generic/pgf/math\pgfint.code.tex) (C:\Users\yulel\AppData\Local\Programs\MiKTeX\tex/generic/pgf/basiclayer\pgfcorepoints.code.tex
File: pgfcorepoints.code.tex 2020/12/27 v3.1.8b (3.1.8b)
\pgf@picminx=\dimen286
\pgf@picmaxx=\dimen287
\pgf@picminy=\dimen288
\pgf@picmaxy=\dimen289
\pgf@pathminx=\dimen290
\pgf@pathmaxx=\dimen291
\pgf@pathminy=\dimen292
\pgf@pathmaxy=\dimen293
\pgf@xx=\dimen294
\pgf@xy=\dimen295
\pgf@yx=\dimen296
\pgf@yy=\dimen297
\pgf@zx=\dimen298
\pgf@zy=\dimen299
) (C:\Users\yulel\AppData\Local\Programs\MiKTeX\tex/generic/pgf/basiclayer\pgfcorepathconstruct.code.tex
File: pgfcorepathconstruct.code.tex 2020/12/27 v3.1.8b (3.1.8b)
\pgf@path@lastx=\dimen300
\pgf@path@lasty=\dimen301
) (C:\Users\yulel\AppData\Local\Programs\MiKTeX\tex/generic/pgf/basiclayer\pgfcorepathusage.code.tex
File: pgfcorepathusage.code.tex 2020/12/27 v3.1.8b (3.1.8b)
\pgf@shorten@end@additional=\dimen302
\pgf@shorten@start@additional=\dimen303
) (C:\Users\yulel\AppData\Local\Programs\MiKTeX\tex/generic/pgf/basiclayer\pgfcorescopes.code.tex
File: pgfcorescopes.code.tex 2020/12/27 v3.1.8b (3.1.8b)
\pgfpic=\box67
\pgf@hbox=\box68
\pgf@layerbox@main=\box69
\pgf@picture@serial@count=\count322
) (C:\Users\yulel\AppData\Local\Programs\MiKTeX\tex/generic/pgf/basiclayer\pgfcoregraphicstate.code.tex
File: pgfcoregraphicstate.code.tex 2020/12/27 v3.1.8b (3.1.8b)
\pgflinewidth=\dimen304
) (C:\Users\yulel\AppData\Local\Programs\MiKTeX\tex/generic/pgf/basiclayer\pgfcoretransformations.code.tex
File: pgfcoretransformations.code.tex 2020/12/27 v3.1.8b (3.1.8b)
\pgf@pt@x=\dimen305
\pgf@pt@y=\dimen306
\pgf@pt@temp=\dimen307
) (C:\Users\yulel\AppData\Local\Programs\MiKTeX\tex/generic/pgf/basiclayer\pgfcorequick.code.tex
File: pgfcorequick.code.tex 2020/12/27 v3.1.8b (3.1.8b)
) (C:\Users\yulel\AppData\Local\Programs\MiKTeX\tex/generic/pgf/basiclayer\pgfcoreobjects.code.tex
File: pgfcoreobjects.code.tex 2020/12/27 v3.1.8b (3.1.8b)
) (C:\Users\yulel\AppData\Local\Programs\MiKTeX\tex/generic/pgf/basiclayer\pgfcorepathprocessing.code.tex
File: pgfcorepathprocessing.code.tex 2020/12/27 v3.1.8b (3.1.8b)
) (C:\Users\yulel\AppData\Local\Programs\MiKTeX\tex/generic/pgf/basiclayer\pgfcorearrows.code.tex
File: pgfcorearrows.code.tex 2020/12/27 v3.1.8b (3.1.8b)
\pgfarrowsep=\dimen308
) (C:\Users\yulel\AppData\Local\Programs\MiKTeX\tex/generic/pgf/basiclayer\pgfcoreshade.code.tex
File: pgfcoreshade.code.tex 2020/12/27 v3.1.8b (3.1.8b)
\pgf@max=\dimen309
\pgf@sys@shading@range@num=\count323
\pgf@shadingcount=\count324
) (C:\Users\yulel\AppData\Local\Programs\MiKTeX\tex/generic/pgf/basiclayer\pgfcoreimage.code.tex
File: pgfcoreimage.code.tex 2020/12/27 v3.1.8b (3.1.8b)
 (C:\Users\yulel\AppData\Local\Programs\MiKTeX\tex/generic/pgf/basiclayer\pgfcoreexternal.code.tex
File: pgfcoreexternal.code.tex 2020/12/27 v3.1.8b (3.1.8b)
\pgfexternal@startupbox=\box70
)) (C:\Users\yulel\AppData\Local\Programs\MiKTeX\tex/generic/pgf/basiclayer\pgfcorelayers.code.tex
File: pgfcorelayers.code.tex 2020/12/27 v3.1.8b (3.1.8b)
) (C:\Users\yulel\AppData\Local\Programs\MiKTeX\tex/generic/pgf/basiclayer\pgfcoretransparency.code.tex
File: pgfcoretransparency.code.tex 2020/12/27 v3.1.8b (3.1.8b)
) (C:\Users\yulel\AppData\Local\Programs\MiKTeX\tex/generic/pgf/basiclayer\pgfcorepatterns.code.tex
File: pgfcorepatterns.code.tex 2020/12/27 v3.1.8b (3.1.8b)
) (C:\Users\yulel\AppData\Local\Programs\MiKTeX\tex/generic/pgf/basiclayer\pgfcorerdf.code.tex
File: pgfcorerdf.code.tex 2020/12/27 v3.1.8b (3.1.8b)
))) (C:\Users\yulel\AppData\Local\Programs\MiKTeX\tex/generic/pgf/modules\pgfmoduleshapes.code.tex
File: pgfmoduleshapes.code.tex 2020/12/27 v3.1.8b (3.1.8b)
\pgfnodeparttextbox=\box71
) (C:\Users\yulel\AppData\Local\Programs\MiKTeX\tex/generic/pgf/modules\pgfmoduleplot.code.tex
File: pgfmoduleplot.code.tex 2020/12/27 v3.1.8b (3.1.8b)
) (C:\Users\yulel\AppData\Local\Programs\MiKTeX\tex/latex/pgf/compatibility\pgfcomp-version-0-65.sty
Package: pgfcomp-version-0-65 2020/12/27 v3.1.8b (3.1.8b)
\pgf@nodesepstart=\dimen310
\pgf@nodesepend=\dimen311
) (C:\Users\yulel\AppData\Local\Programs\MiKTeX\tex/latex/pgf/compatibility\pgfcomp-version-1-18.sty
Package: pgfcomp-version-1-18 2020/12/27 v3.1.8b (3.1.8b)
)) (C:\Users\yulel\AppData\Local\Programs\MiKTeX\tex/latex/pgf/utilities\pgffor.sty (C:\Users\yulel\AppData\Local\Programs\MiKTeX\tex/latex/pgf/utilities\pgfkeys.sty (C:\Users\yulel\AppData\Local\Programs\MiKTeX\tex/generic/pgf/utilities\pgfkeys.code.tex)) (C:\Users\yulel\AppData\Local\Programs\MiKTeX\tex/latex/pgf/math\pgfmath.sty (C:\Users\yulel\AppData\Local\Programs\MiKTeX\tex/generic/pgf/math\pgfmath.code.tex)) (C:\Users\yulel\AppData\Local\Programs\MiKTeX\tex/generic/pgf/utilities\pgffor.code.tex
Package: pgffor 2020/12/27 v3.1.8b (3.1.8b)
 (C:\Users\yulel\AppData\Local\Programs\MiKTeX\tex/generic/pgf/math\pgfmath.code.tex)
\pgffor@iter=\dimen312
\pgffor@skip=\dimen313
\pgffor@stack=\toks47
\pgffor@toks=\toks48
)) (C:\Users\yulel\AppData\Local\Programs\MiKTeX\tex/generic/pgf/frontendlayer/tikz\tikz.code.tex
Package: tikz 2020/12/27 v3.1.8b (3.1.8b)
 (C:\Users\yulel\AppData\Local\Programs\MiKTeX\tex/generic/pgf/libraries\pgflibraryplothandlers.code.tex
File: pgflibraryplothandlers.code.tex 2020/12/27 v3.1.8b (3.1.8b)
\pgf@plot@mark@count=\count325
\pgfplotmarksize=\dimen314
)
\tikz@lastx=\dimen315
\tikz@lasty=\dimen316
\tikz@lastxsaved=\dimen317
\tikz@lastysaved=\dimen318
\tikz@lastmovetox=\dimen319
\tikz@lastmovetoy=\dimen320
\tikzleveldistance=\dimen321
\tikzsiblingdistance=\dimen322
\tikz@figbox=\box72
\tikz@figbox@bg=\box73
\tikz@tempbox=\box74
\tikz@tempbox@bg=\box75
\tikztreelevel=\count326
\tikznumberofchildren=\count327
\tikznumberofcurrentchild=\count328
\tikz@fig@count=\count329
 (C:\Users\yulel\AppData\Local\Programs\MiKTeX\tex/generic/pgf/modules\pgfmodulematrix.code.tex
File: pgfmodulematrix.code.tex 2020/12/27 v3.1.8b (3.1.8b)
\pgfmatrixcurrentrow=\count330
\pgfmatrixcurrentcolumn=\count331
\pgf@matrix@numberofcolumns=\count332
)
\tikz@expandcount=\count333
 (C:\Users\yulel\AppData\Local\Programs\MiKTeX\tex/generic/pgf/frontendlayer/tikz/libraries\tikzlibrarytopaths.code.tex
File: tikzlibrarytopaths.code.tex 2020/12/27 v3.1.8b (3.1.8b)
))) (C:\Users\yulel\AppData\Local\Programs\MiKTeX\tex/generic/pgf/frontendlayer/tikz/libraries\tikzlibraryarrows.code.tex
File: tikzlibraryarrows.code.tex 2020/12/27 v3.1.8b (3.1.8b)
 (C:\Users\yulel\AppData\Local\Programs\MiKTeX\tex/generic/pgf/libraries\pgflibraryarrows.code.tex
File: pgflibraryarrows.code.tex 2020/12/27 v3.1.8b (3.1.8b)
\arrowsize=\dimen323
)) (C:\Users\yulel\AppData\Local\Programs\MiKTeX\tex/generic/pgf/frontendlayer/tikz/libraries\tikzlibrarybackgrounds.code.tex
File: tikzlibrarybackgrounds.code.tex 2020/12/27 v3.1.8b (3.1.8b)
\pgf@layerbox@background=\box76
\pgf@layerboxsaved@background=\box77
) (C:\Users\yulel\AppData\Local\Programs\MiKTeX\tex/generic/pgf/frontendlayer/tikz/libraries\tikzlibrarycalc.code.tex
File: tikzlibrarycalc.code.tex 2020/12/27 v3.1.8b (3.1.8b)
) (C:\Users\yulel\AppData\Local\Programs\MiKTeX\tex/generic/pgf/frontendlayer/tikz/libraries\tikzlibrarypatterns.code.tex
File: tikzlibrarypatterns.code.tex 2020/12/27 v3.1.8b (3.1.8b)
 (C:\Users\yulel\AppData\Local\Programs\MiKTeX\tex/generic/pgf/libraries\pgflibrarypatterns.code.tex
File: pgflibrarypatterns.code.tex 2020/12/27 v3.1.8b (3.1.8b)
)) (C:\Users\yulel\AppData\Local\Programs\MiKTeX\tex/generic/pgf/frontendlayer/tikz/libraries\tikzlibrarypositioning.code.tex
File: tikzlibrarypositioning.code.tex 2020/12/27 v3.1.8b (3.1.8b)
) (C:\Users\yulel\AppData\Local\Programs\MiKTeX\tex/generic/pgf/frontendlayer/tikz/libraries\tikzlibraryshapes.geometric.code.tex
File: tikzlibraryshapes.geometric.code.tex 2020/12/27 v3.1.8b (3.1.8b)
 (C:\Users\yulel\AppData\Local\Programs\MiKTeX\tex/generic/pgf/libraries/shapes\pgflibraryshapes.geometric.code.tex
File: pgflibraryshapes.geometric.code.tex 2020/12/27 v3.1.8b (3.1.8b)
)) (C:\Users\yulel\AppData\Local\Programs\MiKTeX\tex/latex/pgf/utilities\pgfcalendar.sty (C:\Users\yulel\AppData\Local\Programs\MiKTeX\tex/generic/pgf/utilities\pgfcalendar.code.tex
File: pgfcalendar.code.tex 2020/12/27 v3.1.8b (3.1.8b)
 (C:\Users\yulel\AppData\Local\Programs\MiKTeX\tex/generic/pgf/math\pgfint.code.tex)
\pgfcalendarcurrentjulian=\count334
\pgf@cal@easter@Y=\count335
\pgf@cal@easter@G=\count336
\pgf@cal@easter@C=\count337
\pgf@cal@easter@X=\count338
\pgf@cal@easter@Z=\count339
\pgf@cal@easter@D=\count340
\pgf@cal@easter@E=\count341
\pgf@cal@easter@N=\count342
\pgf@cal@easter@M=\count343
\pgf@cal@easter@julianday=\count344
))
\gtt@currentline=\count345
\gtt@lasttitleline=\count346
\gtt@currgrid=\count347
\gtt@chartwidth=\count348
\gtt@lasttitleslot=\count349
\gtt@elementid=\count350
\gtt@today@slot=\count351
\gtt@startjulian=\count352
\gtt@endjulian=\count353
\gtt@chartid=\count354
\gtt@vrule@slot=\count355
\gtt@calendar@slots=\count356
\gtt@calendar@weeknumber=\count357
\gtt@calendar@startofweek=\count358
\gtt@left@slot=\count359
\gtt@right@slot=\count360
) (C:\Users\yulel\AppData\Local\Programs\MiKTeX\tex/latex/standalone\standalone.sty
Package: standalone 2018/03/26 v1.3a Package to include TeX sub-files with preambles
 (C:\Users\yulel\AppData\Local\Programs\MiKTeX\tex/latex/latex-tools\shellesc.sty
Package: shellesc 2019/11/08 v1.0c unified shell escape interface for LaTeX
Package shellesc Info: Restricted shell escape enabled on input line 77.
) (C:\Users\yulel\AppData\Local\Programs\MiKTeX\tex/latex/xkeyval\xkeyval.sty
Package: xkeyval 2020/11/20 v2.8 package option processing (HA)
 (C:\Users\yulel\AppData\Local\Programs\MiKTeX\tex/generic/xkeyval\xkeyval.tex (C:\Users\yulel\AppData\Local\Programs\MiKTeX\tex/generic/xkeyval\xkvutils.tex
\XKV@toks=\toks49
\XKV@tempa@toks=\toks50
)
\XKV@depth=\count361
File: xkeyval.tex 2014/12/03 v2.7a key=value parser (HA)
)) (C:\Users\yulel\AppData\Local\Programs\MiKTeX\tex/latex/currfile\currfile.sty
Package: currfile 2020/09/29 v0.7d Provides the file path elements of the current input file
 (C:\Users\yulel\AppData\Local\Programs\MiKTeX\tex/latex/filehook\filehook.sty
Package: filehook 2020/09/29 v0.8a Hooks for input files
 (C:\Users\yulel\AppData\Local\Programs\MiKTeX\tex/latex/filehook\filehook-2020.sty
Package: filehook-2020 2020/09/29 v0.8a Hooks for input files
))
\c@currfiledepth=\count362
) (C:\Users\yulel\AppData\Local\Programs\MiKTeX\tex/latex/gincltex\gincltex.sty (C:\Users\yulel\AppData\Local\Programs\MiKTeX\tex/latex/svn-prov\svn-prov.sty
Package: svn-prov 2010/04/24 v3.1862 Package Date/Version from SVN Keywords
)
Package: gincltex 2011/09/04 v0.3 Include external LaTeX files like graphics
 (C:\Users\yulel\AppData\Local\Programs\MiKTeX\tex/latex/adjustbox\adjustbox.sty
Package: adjustbox 2020/08/19 v1.3 Adjusting TeX boxes (trim, clip, ...)
 (C:\Users\yulel\AppData\Local\Programs\MiKTeX\tex/latex/adjustbox\adjcalc.sty
Package: adjcalc 2012/05/16 v1.1 Provides advanced setlength with multiple back-ends (calc, etex, pgfmath)
) (C:\Users\yulel\AppData\Local\Programs\MiKTeX\tex/latex/adjustbox\trimclip.sty
Package: trimclip 2020/08/19 v1.2 Trim and clip general TeX material
 (C:\Users\yulel\AppData\Local\Programs\MiKTeX\tex/latex/collectbox\collectbox.sty
Package: collectbox 2012/05/17 v0.4b Collect macro arguments as boxes
\collectedbox=\box78
)
\tc@llx=\dimen324
\tc@lly=\dimen325
\tc@urx=\dimen326
\tc@ury=\dimen327
Package trimclip Info: Using driver 'tc-pdftex.def'.
 (C:\Users\yulel\AppData\Local\Programs\MiKTeX\tex/latex/adjustbox\tc-pdftex.def
File: tc-pdftex.def 2019/01/04 v2.2 Clipping driver for pdftex
))
\adjbox@Width=\dimen328
\adjbox@Height=\dimen329
\adjbox@Depth=\dimen330
\adjbox@Totalheight=\dimen331
\adjbox@pwidth=\dimen332
\adjbox@pheight=\dimen333
\adjbox@pdepth=\dimen334
\adjbox@ptotalheight=\dimen335
 (C:\Users\yulel\AppData\Local\Programs\MiKTeX\tex/latex/ifoddpage\ifoddpage.sty
Package: ifoddpage 2016/04/23 v1.1 Conditionals for odd/even page detection
\c@checkoddpage=\count363
))
\gincltex@box=\box79
) (C:\Users\yulel\AppData\Local\Programs\MiKTeX\tex/latex/filemod\filemod-expmin.sty
Package: filemod-expmin 2011/09/19 v1.2 Get and compare file modification times (expandable; minimal)
)) (C:\Users\yulel\AppData\Local\Programs\MiKTeX\tex/latex/koma-script\typearea.sty
Package: typearea 2021/03/17 v3.33 KOMA-Script package (type area)

(C:\Users\yulel\AppData\Local\Programs\MiKTeX\tex/latex/koma-script\scrkbase.sty
Package: scrkbase 2021/03/17 v3.33 KOMA-Script package (KOMA-Script-dependent basics and keyval usage)
 (C:\Users\yulel\AppData\Local\Programs\MiKTeX\tex/latex/koma-script\scrbase.sty
Package: scrbase 2021/03/17 v3.33 KOMA-Script package (KOMA-Script-independent basics and keyval usage)
 (C:\Users\yulel\AppData\Local\Programs\MiKTeX\tex/latex/koma-script\scrlfile.sty
Package: scrlfile 2021/03/17 v3.33 KOMA-Script package (file load hooks)
 (C:\Users\yulel\AppData\Local\Programs\MiKTeX\tex/latex/koma-script\scrlfile-hook.sty
Package: scrlfile-hook 2021/03/17 v3.33 KOMA-Script package (using LaTeX hooks)
 (C:\Users\yulel\AppData\Local\Programs\MiKTeX\tex/latex/koma-script\scrlogo.sty
Package: scrlogo 2021/03/17 v3.33 KOMA-Script package (logo)
)))
Skipping: [2021/05/01] Usage of raw option list on input line 252.
Applying: [0000/00/00] compatibility for LaTeX before 2021/05/01 on input line 337.
))
\ta@bcor=\skip77
\ta@div=\count364
\ta@hblk=\skip78
\ta@vblk=\skip79
\ta@temp=\skip80
\footheight=\skip81
Package typearea Info: These are the values describing the layout:
(typearea)             DIV  = 8
(typearea)             BCOR = 0.0pt
(typearea)             \paperwidth      = 597.50793pt
(typearea)              \textwidth      = 373.44246pt
(typearea)              DIV departure   = -4%
(typearea)              \evensidemargin = 39.76274pt
(typearea)              \oddsidemargin  = 39.76274pt
(typearea)             \paperheight     = 845.04694pt
(typearea)              \textheight     = 538.0pt
(typearea)              \topmargin      = 0.36087pt
(typearea)              \headheight     = 15.0pt
(typearea)              \headsep        = 18.0pt
(typearea)              \topskip        = 10.0pt
(typearea)              \footskip       = 42.0pt
(typearea)              \baselineskip   = 12.0pt
(typearea)              on input line 1741.
) (C:\Users\yulel\AppData\Local\Programs\MiKTeX\tex/latex/parskip\parskip.sty
Package: parskip 2021-03-14 v2.0h non-zero parskip adjustments
 (C:\Users\yulel\AppData\Local\Programs\MiKTeX\tex/latex/etoolbox\etoolbox.sty
Package: etoolbox 2020/10/05 v2.5k e-TeX tools for LaTeX (JAW)
\etb@tempcnta=\count365
)) (C:\Users\yulel\AppData\Local\Programs\MiKTeX\tex/latex/pdfpages\pdfpages.sty
Package: pdfpages 2021/03/06 v0.5t Insert pages of external PDF documents (AM)
 (C:\Users\yulel\AppData\Local\Programs\MiKTeX\tex/latex/base\ifthen.sty
Package: ifthen 2014/09/29 v1.1c Standard LaTeX ifthen package (DPC)
) (C:\Users\yulel\AppData\Local\Programs\MiKTeX\tex/latex/latex-tools\calc.sty
Package: calc 2017/05/25 v4.3 Infix arithmetic (KKT,FJ)
\calc@Acount=\count366
\calc@Bcount=\count367
\calc@Adimen=\dimen336
\calc@Bdimen=\dimen337
\calc@Askip=\skip82
\calc@Bskip=\skip83
LaTeX Info: Redefining \setlength on input line 80.
LaTeX Info: Redefining \addtolength on input line 81.
\calc@Ccount=\count368
\calc@Cskip=\skip84
) (C:\Users\yulel\AppData\Local\Programs\MiKTeX\tex/latex/eso-pic\eso-pic.sty
Package: eso-pic 2020/10/14 v3.0a eso-pic (RN)
\ESO@tempdima=\dimen338
\ESO@tempdimb=\dimen339
)
\AM@pagewidth=\dimen340
\AM@pageheight=\dimen341
\AM@fboxrule=\dimen342
 (C:\Users\yulel\AppData\Local\Programs\MiKTeX\tex/latex/pdfpages\pppdftex.def
File: pppdftex.def 2021/03/06 v0.5t Pdfpages driver for pdfTeX (AM)
)
\pdfpages@includegraphics@status=\count369
\AM@pagebox=\box80
\AM@global@opts=\toks51
\AM@pagecnt=\count370
\AM@toc@title=\toks52
\c@AM@survey=\count371
\AM@templatesizebox=\box81
) (C:\Users\yulel\AppData\Local\Programs\MiKTeX\tex/latex/caption\caption.sty
Package: caption 2020/10/26 v3.5g Customizing captions (AR)
 (C:\Users\yulel\AppData\Local\Programs\MiKTeX\tex/latex/caption\caption3.sty
Package: caption3 2020/10/21 v2.2e caption3 kernel (AR)
\captionmargin=\dimen343
\captionmargin@=\dimen344
\captionwidth=\dimen345
\caption@tempdima=\dimen346
\caption@indent=\dimen347
\caption@parindent=\dimen348
\caption@hangindent=\dimen349
Package caption Info: Standard document class detected.
)
\c@caption@flags=\count372
\c@continuedfloat=\count373
Package caption Info: hyperref package is loaded.
) (c:/Users\yulel\Documents\LaTeX\Progression-report\main.aux)
\openout1 = `main.aux'.

LaTeX Font Info:    Checking defaults for OML/cmm/m/it on input line 37.
LaTeX Font Info:    ... okay on input line 37.
LaTeX Font Info:    Checking defaults for OMS/cmsy/m/n on input line 37.
LaTeX Font Info:    ... okay on input line 37.
LaTeX Font Info:    Checking defaults for OT1/cmr/m/n on input line 37.
LaTeX Font Info:    ... okay on input line 37.
LaTeX Font Info:    Checking defaults for T1/cmr/m/n on input line 37.
LaTeX Font Info:    ... okay on input line 37.
LaTeX Font Info:    Checking defaults for TS1/cmr/m/n on input line 37.
LaTeX Font Info:    ... okay on input line 37.
LaTeX Font Info:    Checking defaults for OMX/cmex/m/n on input line 37.
LaTeX Font Info:    ... okay on input line 37.
LaTeX Font Info:    Checking defaults for U/cmr/m/n on input line 37.
LaTeX Font Info:    ... okay on input line 37.
LaTeX Font Info:    Checking defaults for PD1/pdf/m/n on input line 37.
LaTeX Font Info:    ... okay on input line 37.
LaTeX Font Info:    Checking defaults for PU/pdf/m/n on input line 37.
LaTeX Font Info:    ... okay on input line 37.
\symgns@font=\mathgroup6
LaTeX Font Info:    Overwriting symbol font `gns@font' in version `bold'
(Font)                  TS1/cmr/m/n --> TS1/cmr/b/n on input line 37.
Package gensymb Info: Math companion symbols declared on input line 37.
LaTeX Info: Redefining \degree on input line 37.
LaTeX Info: Redefining \celsius on input line 37.
Package gensymb Info: Using text companion symbols for \degree, \celsius and \perthousand on input line 37.
LaTeX Info: Redefining \ohm on input line 37.
Package gensymb Info: Using \textohm for \ohm on input line 37.
Package gensymb Info: Using \textmu for \micro on input line 37.
 (C:\Users\yulel\AppData\Local\Programs\MiKTeX\tex/context/base/mkii\supp-pdf.mkii
[Loading MPS to PDF converter (version 2006.09.02).]
\scratchcounter=\count374
\scratchdimen=\dimen350
\scratchbox=\box82
\nofMPsegments=\count375
\nofMParguments=\count376
\everyMPshowfont=\toks53
\MPscratchCnt=\count377
\MPscratchDim=\dimen351
\MPnumerator=\count378
\makeMPintoPDFobject=\count379
\everyMPtoPDFconversion=\toks54
) (C:\Users\yulel\AppData\Local\Programs\MiKTeX\tex/latex/epstopdf-pkg\epstopdf-base.sty
Package: epstopdf-base 2020-01-24 v2.11 Base part for package epstopdf
Package epstopdf-base Info: Redefining graphics rule for `.eps' on input line 485.
 (C:\Users\yulel\AppData\Local\Programs\MiKTeX\tex/latex/00miktex\epstopdf-sys.cfg
File: epstopdf-sys.cfg 2021/03/18 v2.0 Configuration of epstopdf for MiKTeX
))
Package hyperref Info: Link coloring ON on input line 37.
 (C:\Users\yulel\AppData\Local\Programs\MiKTeX\tex/latex/hyperref\nameref.sty
Package: nameref 2021-04-02 v2.47 Cross-referencing by name of section
 (C:\Users\yulel\AppData\Local\Programs\MiKTeX\tex/latex/refcount\refcount.sty
Package: refcount 2019/12/15 v3.6 Data extraction from label references (HO)
) (C:\Users\yulel\AppData\Local\Programs\MiKTeX\tex/generic/gettitlestring\gettitlestring.sty
Package: gettitlestring 2019/12/15 v1.6 Cleanup title references (HO)
)
\c@section@level=\count380
)
LaTeX Info: Redefining \ref on input line 37.
LaTeX Info: Redefining \pageref on input line 37.
LaTeX Info: Redefining \nameref on input line 37.
 (c:/Users\yulel\Documents\LaTeX\Progression-report\main.out) (c:/Users\yulel\Documents\LaTeX\Progression-report\main.out)
\@outlinefile=\write4
\openout4 = `main.out'.

 (C:\Users\yulel\AppData\Local\Programs\MiKTeX\tex/latex/siunitx\siunitx-abbreviations.cfg
File: siunitx-abbreviations.cfg 2017/11/26 v2.7k siunitx: Abbreviated units
) (C:\Users\yulel\AppData\Local\Programs\MiKTeX\tex/latex/translator\translator-basic-dictionary-English.dict
Dictionary: translator-basic-dictionary, Language: English 
) (C:\Users\yulel\AppData\Local\Programs\MiKTeX\tex/latex/translator\translator-months-dictionary-English.dict
Dictionary: translator-months-dictionary, Language: English 
)
*geometry* driver: auto-detecting
*geometry* detected driver: pdftex
*geometry* verbose mode - [ preamble ] result:
* driver: pdftex
* paper: a4paper
* layout: <same size as paper>
* layoutoffset:(h,v)=(0.0pt,0.0pt)
* hratio: 1:1
* vratio: 5:7
* modes: 
* h-part:(L,W,R)=(85.35826pt, 426.79134pt, 85.35828pt)
* v-part:(T,H,B)=(99.58458pt, 606.04378pt, 139.41849pt)
* \paperwidth=597.50787pt
* \paperheight=845.04684pt
* \textwidth=426.79134pt
* \textheight=606.04378pt
* \oddsidemargin=13.08827pt
* \evensidemargin=13.08827pt
* \topmargin=-5.68541pt
* \headheight=15.0pt
* \headsep=18.0pt
* \topskip=10.0pt
* \footskip=42.0pt
* \marginparwidth=74.68849pt
* \marginparsep=12.8401pt
* \columnsep=10.0pt
* \skip\footins=9.0pt plus 4.0pt minus 2.0pt
* \hoffset=0.0pt
* \voffset=0.0pt
* \mag=1000
* \@twocolumnfalse
* \@twosidefalse
* \@mparswitchfalse
* \@reversemarginfalse
* (1in=72.27pt=25.4mm, 1cm=28.453pt)

ABD: EverySelectfont initializing macros
LaTeX Info: Redefining \selectfont on input line 37.
Package caption Info: Begin \AtBeginDocument code.
Package caption Info: End \AtBeginDocument code.
LaTeX Font Info:    Trying to load font information for U+msa on input line 37.
 (C:\Users\yulel\AppData\Local\Programs\MiKTeX\tex/latex/amsfonts\umsa.fd
File: umsa.fd 2013/01/14 v3.01 AMS symbols A
)
LaTeX Font Info:    Trying to load font information for U+msb on input line 37.
 (C:\Users\yulel\AppData\Local\Programs\MiKTeX\tex/latex/amsfonts\umsb.fd
File: umsb.fd 2013/01/14 v3.01 AMS symbols B
) [1

{C:/Users/yulel/AppData/Local/MiKTeX/pdftex/config/pdftex.map}]pdfTeX warning (ext4): destination with the same identifier (name{page.1}) has been already used, duplicate ignored
<to be read again> 
                   \relax 
l.80 \end{abstract}
                    [1] (c:/Users\yulel\Documents\LaTeX\Progression-report\main.tocpdfTeX warning (ext4): destination with the same identifier (name{page.1}) has been already used, duplicate ignored
<to be read again> 
                   \relax 
l.35 ... {6.2}S0 mode (1 MHz-mm)}{47}{section.6.2}
                                                  % [1

])
\tf@toc=\write5
\openout5 = `main.toc'.

 [2] (c:/Users\yulel\Documents\LaTeX\Progression-report\main.lof [3

])
\tf@lof=\write6
\openout6 = `main.lof'.

 (c:/Users\yulel\Documents\LaTeX\Progression-report\main.lot)
\tf@lot=\write7
\openout7 = `main.lot'.

 [4]
Chapter 1.
[5

] [6]
<./figures/turbine plus ngv.png, id=377, 649.82774pt x 527.69145pt>
File: ./figures/turbine plus ngv.png Graphic file (type png)
<use ./figures/turbine plus ngv.png>
Package pdftex.def Info: ./figures/turbine plus ngv.png  used on input line 120.
(pdftex.def)             Requested size: 426.79134pt x 346.57848pt.
 [7 <./figures/turbine plus ngv.png

pdfTeX warning: pdflatex (file ./figures/turbine plus ngv.png): large interlaced PNG might cause out of memory (use non-interlaced PNG to fix this)
>] [8] [9]
Chapter 2.
[10

]
Package epstopdf Info: Source file: <./figures/Turbinecrosssection.eps>
(epstopdf)                    date: 2021-05-06 10:39:47
(epstopdf)                    size: 3406810 bytes
(epstopdf)             Output file: <./figures/Turbinecrosssection-eps-converted-to.pdf>
(epstopdf)                    date: 2021-05-06 10:39:47
(epstopdf)                    size: 32734 bytes
(epstopdf)             Command: <miktex-epstopdf --outfile=./figures/Turbinecrosssection-eps-converted-to.pdf ./figures/Turbinecrosssection.eps>
(epstopdf)             \includegraphics on input line 176.
Package epstopdf Info: Output file is already uptodate.


pdfTeX warning: pdflatex (file ./figures/Turbinecrosssection-eps-converted-to.pdf): PDF inclusion: found PDF version <1.7>, but at most version <1.5> allowed
<./figures/Turbinecrosssection-eps-converted-to.pdf, id=433, 511.9125pt x 309.155pt>
File: ./figures/Turbinecrosssection-eps-converted-to.pdf Graphic file (type pdf)
<use ./figures/Turbinecrosssection-eps-converted-to.pdf>
Package pdftex.def Info: ./figures/Turbinecrosssection-eps-converted-to.pdf  used on input line 176.
(pdftex.def)             Requested size: 341.43436pt x 206.19873pt.
[11 <./figures/Turbinecrosssection-eps-converted-to.pdf>]
Package epstopdf Info: Source file: <./figures/tempmethodsvenn.eps>
(epstopdf)                    date: 2021-05-06 10:39:47
(epstopdf)                    size: 2958726 bytes
(epstopdf)             Output file: <./figures/tempmethodsvenn-eps-converted-to.pdf>
(epstopdf)                    date: 2021-05-06 10:39:47
(epstopdf)                    size: 39160 bytes
(epstopdf)             Command: <miktex-epstopdf --outfile=./figures/tempmethodsvenn-eps-converted-to.pdf ./figures/tempmethodsvenn.eps>
(epstopdf)             \includegraphics on input line 190.
Package epstopdf Info: Output file is already uptodate.


pdfTeX warning: pdflatex (file ./figures/tempmethodsvenn-eps-converted-to.pdf): PDF inclusion: found PDF version <1.7>, but at most version <1.5> allowed
<./figures/tempmethodsvenn-eps-converted-to.pdf, id=467, 1078.0275pt x 1027.84pt>
File: ./figures/tempmethodsvenn-eps-converted-to.pdf Graphic file (type pdf)
<use ./figures/tempmethodsvenn-eps-converted-to.pdf>
Package pdftex.def Info: ./figures/tempmethodsvenn-eps-converted-to.pdf  used on input line 190.
(pdftex.def)             Requested size: 341.43436pt x 325.54355pt.
[12 <./figures/tempmethodsvenn-eps-converted-to.pdf>]
<./figures/Single change paints edit.png, id=490, 1782.66pt x 1097.09875pt>
File: ./figures/Single change paints edit.png Graphic file (type png)
<use ./figures/Single change paints edit.png>
Package pdftex.def Info: ./figures/Single change paints edit.png  used on input line 208.
(pdftex.def)             Requested size: 341.43436pt x 210.12497pt.
<./figures/multi-change paints edit.png, id=493, 1427.3325pt x 1065.9825pt>
File: ./figures/multi-change paints edit.png Graphic file (type png)
<use ./figures/multi-change paints edit.png>
Package pdftex.def Info: ./figures/multi-change paints edit.png  used on input line 214.
(pdftex.def)             Requested size: 341.43436pt x 254.99521pt.
 [13] [14 <./figures/Single change paints edit.png> <./figures/multi-change paints edit.png>] [15]
<./figures/crystal temp sens.png, id=541, 676.77844pt x 508.90125pt>
File: ./figures/crystal temp sens.png Graphic file (type png)
<use ./figures/crystal temp sens.png>
Package pdftex.def Info: ./figures/crystal temp sens.png  used on input line 238.
(pdftex.def)             Requested size: 341.43436pt x 256.74849pt.
LaTeX Font Info:    Trying to load font information for OML+cmr on input line 242.
 (C:\Users\yulel\AppData\Local\Programs\MiKTeX\tex/latex/base\omlcmr.fd
File: omlcmr.fd 2019/12/16 v2.5j Standard LaTeX font definitions
)
LaTeX Font Info:    Font shape `OML/cmr/m/n' in size <10> not available
(Font)              Font shape `OML/cmm/m/it' tried instead on input line 242.
 [16] [17 <./figures/crystal temp sens.png>]
<./figures/tftcNGV.png, id=563, 977.15062pt x 727.21687pt>
File: ./figures/tftcNGV.png Graphic file (type png)
<use ./figures/tftcNGV.png>
Package pdftex.def Info: ./figures/tftcNGV.png  used on input line 255.
(pdftex.def)             Requested size: 341.43436pt x 254.10805pt.
 [18 <./figures/tftcNGV.png>] [19]
Package epstopdf Info: Source file: <./figures/kerrpyro.eps>
(epstopdf)                    date: 2021-05-06 10:39:47
(epstopdf)                    size: 1481610 bytes
(epstopdf)             Output file: <./figures/kerrpyro-eps-converted-to.pdf>
(epstopdf)                    date: 2021-05-06 10:39:47
(epstopdf)                    size: 76437 bytes
(epstopdf)             Command: <miktex-epstopdf --outfile=./figures/kerrpyro-eps-converted-to.pdf ./figures/kerrpyro.eps>
(epstopdf)             \includegraphics on input line 270.
Package epstopdf Info: Output file is already uptodate.


pdfTeX warning: pdflatex (file ./figures/kerrpyro-eps-converted-to.pdf): PDF inclusion: found PDF version <1.7>, but at most version <1.5> allowed
<./figures/kerrpyro-eps-converted-to.pdf, id=614, 816.04875pt x 507.8975pt>
File: ./figures/kerrpyro-eps-converted-to.pdf Graphic file (type pdf)
<use ./figures/kerrpyro-eps-converted-to.pdf>
Package pdftex.def Info: ./figures/kerrpyro-eps-converted-to.pdf  used on input line 270.
(pdftex.def)             Requested size: 341.43436pt x 212.50175pt.
<./figures/siemens IR edit-01.png, id=617, 768.471pt x 582.7371pt>
File: ./figures/siemens IR edit-01.png Graphic file (type png)
<use ./figures/siemens IR edit-01.png>
Package pdftex.def Info: ./figures/siemens IR edit-01.png  used on input line 276.
(pdftex.def)             Requested size: 341.43436pt x 258.90373pt.
[20 <./figures/kerrpyro-eps-converted-to.pdf>]
Package epstopdf Info: Source file: <./figures/yaneztempTBC.eps>
(epstopdf)                    date: 2021-05-06 10:39:47
(epstopdf)                    size: 1921570 bytes
(epstopdf)             Output file: <./figures/yaneztempTBC-eps-converted-to.pdf>
(epstopdf)                    date: 2021-05-06 10:39:47
(epstopdf)                    size: 29350 bytes
(epstopdf)             Command: <miktex-epstopdf --outfile=./figures/yaneztempTBC-eps-converted-to.pdf ./figures/yaneztempTBC.eps>
(epstopdf)             \includegraphics on input line 290.
Package epstopdf Info: Output file is already uptodate.


pdfTeX warning: pdflatex (file ./figures/yaneztempTBC-eps-converted-to.pdf): PDF inclusion: found PDF version <1.7>, but at most version <1.5> allowed
<./figures/yaneztempTBC-eps-converted-to.pdf, id=651, 1090.0725pt x 706.64pt>
File: ./figures/yaneztempTBC-eps-converted-to.pdf Graphic file (type pdf)
<use ./figures/yaneztempTBC-eps-converted-to.pdf>
Package pdftex.def Info: ./figures/yaneztempTBC-eps-converted-to.pdf  used on input line 290.
(pdftex.def)             Requested size: 341.43436pt x 221.33122pt.
[21 <./figures/siemens IR edit-01.png>] [22 <./figures/yaneztempTBC-eps-converted-to.pdf>]
*geometry* verbose mode - [ newgeometry ] result:
* driver: pdftex
* paper: a4paper
* layout: <same size as paper>
* layoutoffset:(h,v)=(0.0pt,0.0pt)
* modes: 
* h-part:(L,W,R)=(85.35826pt, 426.79135pt, 85.35826pt)
* v-part:(T,H,B)=(85.35826pt, 674.33032pt, 85.35826pt)
* \paperwidth=597.50787pt
* \paperheight=845.04684pt
* \textwidth=426.79135pt
* \textheight=674.33032pt
* \oddsidemargin=13.08827pt
* \evensidemargin=13.08827pt
* \topmargin=-19.91173pt
* \headheight=15.0pt
* \headsep=18.0pt
* \topskip=10.0pt
* \footskip=42.0pt
* \marginparwidth=74.68849pt
* \marginparsep=12.8401pt
* \columnsep=10.0pt
* \skip\footins=9.0pt plus 4.0pt minus 2.0pt
* \hoffset=0.0pt
* \voffset=0.0pt
* \mag=1000
* \@twocolumnfalse
* \@twosidefalse
* \@mparswitchfalse
* \@reversemarginfalse
* (1in=72.27pt=25.4mm, 1cm=28.453pt)

 [23]
Chapter 3.
[24






] [25] [26]
<./figures/SAW delay line.png, id=768, 1224.07312pt x 415.5525pt>
File: ./figures/SAW delay line.png Graphic file (type png)
<use ./figures/SAW delay line.png>
Package pdftex.def Info: ./figures/SAW delay line.png  used on input line 373.
(pdftex.def)             Requested size: 341.43436pt x 115.91005pt.
<./figures/SAW resonator.png, id=771, 1297.09593pt x 522.45187pt>
File: ./figures/SAW resonator.png Graphic file (type png)
<use ./figures/SAW resonator.png>
Package pdftex.def Info: ./figures/SAW resonator.png  used on input line 379.
(pdftex.def)             Requested size: 341.43436pt x 137.52434pt.
 [27 <./figures/SAW delay line.png>]
Package epstopdf Info: Source file: <./figures/wedge.eps>
(epstopdf)                    date: 2021-05-06 10:39:47
(epstopdf)                    size: 1970218 bytes
(epstopdf)             Output file: <./figures/wedge-eps-converted-to.pdf>
(epstopdf)                    date: 2021-05-06 10:39:47
(epstopdf)                    size: 29340 bytes
(epstopdf)             Command: <miktex-epstopdf --outfile=./figures/wedge-eps-converted-to.pdf ./figures/wedge.eps>
(epstopdf)             \includegraphics on input line 391.
Package epstopdf Info: Output file is already uptodate.


pdfTeX warning: pdflatex (file ./figures/wedge-eps-converted-to.pdf): PDF inclusion: found PDF version <1.7>, but at most version <1.5> allowed
<./figures/wedge-eps-converted-to.pdf, id=790, 1333.98375pt x 599.23875pt>
File: ./figures/wedge-eps-converted-to.pdf Graphic file (type pdf)
<use ./figures/wedge-eps-converted-to.pdf>
Package pdftex.def Info: ./figures/wedge-eps-converted-to.pdf  used on input line 391.
(pdftex.def)             Requested size: 341.43436pt x 153.37534pt.
Package epstopdf Info: Source file: <./figures/hertzian.eps>
(epstopdf)                    date: 2021-05-06 10:39:47
(epstopdf)                    size: 3079202 bytes
(epstopdf)             Output file: <./figures/hertzian-eps-converted-to.pdf>
(epstopdf)                    date: 2021-05-06 10:39:47
(epstopdf)                    size: 30733 bytes
(epstopdf)             Command: <miktex-epstopdf --outfile=./figures/hertzian-eps-converted-to.pdf ./figures/hertzian.eps>
(epstopdf)             \includegraphics on input line 399.
Package epstopdf Info: Output file is already uptodate.


pdfTeX warning: pdflatex (file ./figures/hertzian-eps-converted-to.pdf): PDF inclusion: found PDF version <1.7>, but at most version <1.5> allowed
<./figures/hertzian-eps-converted-to.pdf, id=793, 1334.9875pt x 866.23625pt>
File: ./figures/hertzian-eps-converted-to.pdf Graphic file (type pdf)
<use ./figures/hertzian-eps-converted-to.pdf>
Package pdftex.def Info: ./figures/hertzian-eps-converted-to.pdf  used on input line 399.
(pdftex.def)             Requested size: 341.43436pt x 221.5416pt.
[28 <./figures/SAW resonator.png> <./figures/wedge-eps-converted-to.pdf>]
<./figures/willschwaveguide.png, id=817, 632.3625pt x 448.67625pt>
File: ./figures/willschwaveguide.png Graphic file (type png)
<use ./figures/willschwaveguide.png>
Package pdftex.def Info: ./figures/willschwaveguide.png  used on input line 407.
(pdftex.def)             Requested size: 341.43436pt x 242.26103pt.
 [29 <./figures/hertzian-eps-converted-to.pdf>] [30 <./figures/willschwaveguide.png>]
Package epstopdf Info: Source file: <./figures/lambwaves2.eps>
(epstopdf)                    date: 2021-05-06 10:39:47
(epstopdf)                    size: 2135786 bytes
(epstopdf)             Output file: <./figures/lambwaves2-eps-converted-to.pdf>
(epstopdf)                    date: 2021-05-06 10:39:47
(epstopdf)                    size: 12999 bytes
(epstopdf)             Command: <miktex-epstopdf --outfile=./figures/lambwaves2-eps-converted-to.pdf ./figures/lambwaves2.eps>
(epstopdf)             \includegraphics on input line 428.
Package epstopdf Info: Output file is already uptodate.


pdfTeX warning: pdflatex (file ./figures/lambwaves2-eps-converted-to.pdf): PDF inclusion: found PDF version <1.7>, but at most version <1.5> allowed
<./figures/lambwaves2-eps-converted-to.pdf, id=891, 1648.1575pt x 452.69125pt>
File: ./figures/lambwaves2-eps-converted-to.pdf Graphic file (type pdf)
<use ./figures/lambwaves2-eps-converted-to.pdf>
Package pdftex.def Info: ./figures/lambwaves2-eps-converted-to.pdf  used on input line 428.
(pdftex.def)             Requested size: 341.43436pt x 93.77626pt.
Package epstopdf Info: Source file: <./figures/inconelyoungsdensitypoisson.eps>
(epstopdf)                    date: 2021-05-06 10:39:47
(epstopdf)                    size: 606978 bytes
(epstopdf)             Output file: <./figures/inconelyoungsdensitypoisson-eps-converted-to.pdf>
(epstopdf)                    date: 2021-05-06 10:39:47
(epstopdf)                    size: 29515 bytes
(epstopdf)             Command: <miktex-epstopdf --outfile=./figures/inconelyoungsdensitypoisson-eps-converted-to.pdf ./figures/inconelyoungsdensitypoisson.eps>
(epstopdf)             \includegraphics on input line 434.
Package epstopdf Info: Output file is already uptodate.


pdfTeX warning: pdflatex (file ./figures/inconelyoungsdensitypoisson-eps-converted-to.pdf): PDF inclusion: found PDF version <1.7>, but at most version <1.5> allowed
<./figures/inconelyoungsdensitypoisson-eps-converted-to.pdf, id=892, 433.62pt x 286.06876pt>
File: ./figures/inconelyoungsdensitypoisson-eps-converted-to.pdf Graphic file (type pdf)
<use ./figures/inconelyoungsdensitypoisson-eps-converted-to.pdf>
Package pdftex.def Info: ./figures/inconelyoungsdensitypoisson-eps-converted-to.pdf  used on input line 434.
(pdftex.def)             Requested size: 341.43436pt x 225.26288pt.
[31 <./figures/lambwaves2-eps-converted-to.pdf> <./figures/inconelyoungsdensitypoisson-eps-converted-to.pdf>]
Package epstopdf Info: Source file: <./figures/alutempshift2560.eps>
(epstopdf)                    date: 2021-05-06 10:39:47
(epstopdf)                    size: 969846 bytes
(epstopdf)             Output file: <./figures/alutempshift2560-eps-converted-to.pdf>
(epstopdf)                    date: 2021-05-06 10:39:47
(epstopdf)                    size: 81345 bytes
(epstopdf)             Command: <miktex-epstopdf --outfile=./figures/alutempshift2560-eps-converted-to.pdf ./figures/alutempshift2560.eps>
(epstopdf)             \includegraphics on input line 447.
Package epstopdf Info: Output file is already uptodate.


pdfTeX warning: pdflatex (file ./figures/alutempshift2560-eps-converted-to.pdf): PDF inclusion: found PDF version <1.7>, but at most version <1.5> allowed
<./figures/alutempshift2560-eps-converted-to.pdf, id=926, 398.48875pt x 298.11375pt>
File: ./figures/alutempshift2560-eps-converted-to.pdf Graphic file (type pdf)
<use ./figures/alutempshift2560-eps-converted-to.pdf>
Package pdftex.def Info: ./figures/alutempshift2560-eps-converted-to.pdf  used on input line 447.
(pdftex.def)             Requested size: 341.43436pt x 255.4403pt.
Package epstopdf Info: Source file: <./figures/phasedispersion.eps>
(epstopdf)                    date: 2021-05-06 10:39:47
(epstopdf)                    size: 1396902 bytes
(epstopdf)             Output file: <./figures/phasedispersion-eps-converted-to.pdf>
(epstopdf)                    date: 2021-05-06 10:39:47
(epstopdf)                    size: 195618 bytes
(epstopdf)             Command: <miktex-epstopdf --outfile=./figures/phasedispersion-eps-converted-to.pdf ./figures/phasedispersion.eps>
(epstopdf)             \includegraphics on input line 455.
Package epstopdf Info: Output file is already uptodate.


pdfTeX warning: pdflatex (file ./figures/phasedispersion-eps-converted-to.pdf): PDF inclusion: found PDF version <1.7>, but at most version <1.5> allowed
<./figures/phasedispersion-eps-converted-to.pdf, id=930, 382.42876pt x 301.125pt>
File: ./figures/phasedispersion-eps-converted-to.pdf Graphic file (type pdf)
<use ./figures/phasedispersion-eps-converted-to.pdf>
Package pdftex.def Info: ./figures/phasedispersion-eps-converted-to.pdf  used on input line 455.
(pdftex.def)             Requested size: 341.43436pt x 268.85962pt.
[32 <./figures/alutempshift2560-eps-converted-to.pdf>]
Package epstopdf Info: Source file: <./figures/grouptemp.eps>
(epstopdf)                    date: 2021-05-06 10:39:47
(epstopdf)                    size: 731746 bytes
(epstopdf)             Output file: <./figures/grouptemp-eps-converted-to.pdf>
(epstopdf)                    date: 2021-05-06 10:39:47
(epstopdf)                    size: 64204 bytes
(epstopdf)             Command: <miktex-epstopdf --outfile=./figures/grouptemp-eps-converted-to.pdf ./figures/grouptemp.eps>
(epstopdf)             \includegraphics on input line 463.
Package epstopdf Info: Output file is already uptodate.


pdfTeX warning: pdflatex (file ./figures/grouptemp-eps-converted-to.pdf): PDF inclusion: found PDF version <1.7>, but at most version <1.5> allowed
<./figures/grouptemp-eps-converted-to.pdf, id=960, 380.42125pt x 302.12875pt>
File: ./figures/grouptemp-eps-converted-to.pdf Graphic file (type pdf)
<use ./figures/grouptemp-eps-converted-to.pdf>
Package pdftex.def Info: ./figures/grouptemp-eps-converted-to.pdf  used on input line 463.
(pdftex.def)             Requested size: 341.43436pt x 271.17113pt.
Package epstopdf Info: Source file: <./figures/grouptemp1mhztemp.eps>
(epstopdf)                    date: 2021-05-06 10:39:47
(epstopdf)                    size: 557726 bytes
(epstopdf)             Output file: <./figures/grouptemp1mhztemp-eps-converted-to.pdf>
(epstopdf)                    date: 2021-05-06 10:39:47
(epstopdf)                    size: 25267 bytes
(epstopdf)             Command: <miktex-epstopdf --outfile=./figures/grouptemp1mhztemp-eps-converted-to.pdf ./figures/grouptemp1mhztemp.eps>
(epstopdf)             \includegraphics on input line 469.
Package epstopdf Info: Output file is already uptodate.


pdfTeX warning: pdflatex (file ./figures/grouptemp1mhztemp-eps-converted-to.pdf): PDF inclusion: found PDF version <1.7>, but at most version <1.5> allowed
<./figures/grouptemp1mhztemp-eps-converted-to.pdf, id=961, 387.4475pt x 299.1175pt>
File: ./figures/grouptemp1mhztemp-eps-converted-to.pdf Graphic file (type pdf)
<use ./figures/grouptemp1mhztemp-eps-converted-to.pdf>
Package pdftex.def Info: ./figures/grouptemp1mhztemp-eps-converted-to.pdf  used on input line 469.
(pdftex.def)             Requested size: 341.43436pt x 263.59846pt.
[33 <./figures/phasedispersion-eps-converted-to.pdf>] [34 <./figures/grouptemp-eps-converted-to.pdf>] [35 <./figures/grouptemp1mhztemp-eps-converted-to.pdf>] [36] [37]
Chapter 4.
Package epstopdf Info: Source file: <./figures/multimodeedit.eps>
(epstopdf)                    date: 2021-05-06 10:39:47
(epstopdf)                    size: 2487962 bytes
(epstopdf)             Output file: <./figures/multimodeedit-eps-converted-to.pdf>
(epstopdf)                    date: 2021-05-06 10:39:47
(epstopdf)                    size: 126189 bytes
(epstopdf)             Command: <miktex-epstopdf --outfile=./figures/multimodeedit-eps-converted-to.pdf ./figures/multimodeedit.eps>
(epstopdf)             \includegraphics on input line 503.
Package epstopdf Info: Output file is already uptodate.


pdfTeX warning: pdflatex (file ./figures/multimodeedit-eps-converted-to.pdf): PDF inclusion: found PDF version <1.7>, but at most version <1.5> allowed
<./figures/multimodeedit-eps-converted-to.pdf, id=1037, 1143.27126pt x 656.4525pt>
File: ./figures/multimodeedit-eps-converted-to.pdf Graphic file (type pdf)
<use ./figures/multimodeedit-eps-converted-to.pdf>
Package pdftex.def Info: ./figures/multimodeedit-eps-converted-to.pdf  used on input line 503.
(pdftex.def)             Requested size: 426.79134pt x 245.05724pt.
[38

]
Package epstopdf Info: Source file: <./figures/grouptempshiftalu.eps>
(epstopdf)                    date: 2021-05-06 10:39:47
(epstopdf)                    size: 606522 bytes
(epstopdf)             Output file: <./figures/grouptempshiftalu-eps-converted-to.pdf>
(epstopdf)                    date: 2021-05-06 10:39:47
(epstopdf)                    size: 36931 bytes
(epstopdf)             Command: <miktex-epstopdf --outfile=./figures/grouptempshiftalu-eps-converted-to.pdf ./figures/grouptempshiftalu.eps>
(epstopdf)             \includegraphics on input line 522.
Package epstopdf Info: Output file is already uptodate.


pdfTeX warning: pdflatex (file ./figures/grouptempshiftalu-eps-converted-to.pdf): PDF inclusion: found PDF version <1.7>, but at most version <1.5> allowed
<./figures/grouptempshiftalu-eps-converted-to.pdf, id=1049, 381.425pt x 301.125pt>
File: ./figures/grouptempshiftalu-eps-converted-to.pdf Graphic file (type pdf)
<use ./figures/grouptempshiftalu-eps-converted-to.pdf>
Package pdftex.def Info: ./figures/grouptempshiftalu-eps-converted-to.pdf  used on input line 522.
(pdftex.def)             Requested size: 341.43436pt x 269.56262pt.
Package epstopdf Info: Source file: <./figures/grouptemp1mhztempalu.eps>
(epstopdf)                    date: 2021-05-06 10:39:47
(epstopdf)                    size: 549738 bytes
(epstopdf)             Output file: <./figures/grouptemp1mhztempalu-eps-converted-to.pdf>
(epstopdf)                    date: 2021-05-06 10:39:47
(epstopdf)                    size: 22860 bytes
(epstopdf)             Command: <miktex-epstopdf --outfile=./figures/grouptemp1mhztempalu-eps-converted-to.pdf ./figures/grouptemp1mhztempalu.eps>
(epstopdf)             \includegraphics on input line 528.
Package epstopdf Info: Output file is already uptodate.


pdfTeX warning: pdflatex (file ./figures/grouptemp1mhztempalu-eps-converted-to.pdf): PDF inclusion: found PDF version <1.7>, but at most version <1.5> allowed
<./figures/grouptemp1mhztempalu-eps-converted-to.pdf, id=1050, 386.44376pt x 297.11pt>
File: ./figures/grouptemp1mhztempalu-eps-converted-to.pdf Graphic file (type pdf)
<use ./figures/grouptemp1mhztempalu-eps-converted-to.pdf>
Package pdftex.def Info: ./figures/grouptemp1mhztempalu-eps-converted-to.pdf  used on input line 528.
(pdftex.def)             Requested size: 341.43436pt x 262.50484pt.
[39 <./figures/multimodeedit-eps-converted-to.pdf>] [40 <./figures/grouptempshiftalu-eps-converted-to.pdf> <./figures/grouptemp1mhztempalu-eps-converted-to.pdf>]
Chapter 5.
[41

]
<./figures/comsoldiagram.png, id=1107, 1556.9367pt x 496.9767pt>
File: ./figures/comsoldiagram.png Graphic file (type png)
<use ./figures/comsoldiagram.png>
Package pdftex.def Info: ./figures/comsoldiagram.png  used on input line 592.
(pdftex.def)             Requested size: 426.79134pt x 136.23297pt.
<./figures/simmodes.png, id=1108, 1160.83687pt x 324.46219pt>
File: ./figures/simmodes.png Graphic file (type png)
<use ./figures/simmodes.png>
Package pdftex.def Info: ./figures/simmodes.png  used on input line 598.
(pdftex.def)             Requested size: 426.79134pt x 119.29163pt.
Package epstopdf Info: Source file: <./figures/simpulse20cedit.eps>
(epstopdf)                    date: 2021-05-06 10:39:47
(epstopdf)                    size: 2887290 bytes
(epstopdf)             Output file: <./figures/simpulse20cedit-eps-converted-to.pdf>
(epstopdf)                    date: 2021-05-06 10:39:47
(epstopdf)                    size: 191041 bytes
(epstopdf)             Command: <miktex-epstopdf --outfile=./figures/simpulse20cedit-eps-converted-to.pdf ./figures/simpulse20cedit.eps>
(epstopdf)             \includegraphics on input line 604.
Package epstopdf Info: Output file is already uptodate.


pdfTeX warning: pdflatex (file ./figures/simpulse20cedit-eps-converted-to.pdf): PDF inclusion: found PDF version <1.7>, but at most version <1.5> allowed
<./figures/simpulse20cedit-eps-converted-to.pdf, id=1109, 1135.24126pt x 697.60625pt>
File: ./figures/simpulse20cedit-eps-converted-to.pdf Graphic file (type pdf)
<use ./figures/simpulse20cedit-eps-converted-to.pdf>
Package pdftex.def Info: ./figures/simpulse20cedit-eps-converted-to.pdf  used on input line 604.
(pdftex.def)             Requested size: 426.79134pt x 262.26166pt.
[42] [43 <./figures/comsoldiagram.png

pdfTeX warning: pdflatex (file ./figures/comsoldiagram.png): large interlaced PNG might cause out of memory (use non-interlaced PNG to fix this)
> <./figures/simmodes.png> <./figures/simpulse20cedit-eps-converted-to.pdf>] [44]
Chapter 6.
[45

]
Package epstopdf Info: Source file: <./figures/testdiagramsimple.eps>
(epstopdf)                    date: 2021-05-06 10:39:47
(epstopdf)                    size: 2644518 bytes
(epstopdf)             Output file: <./figures/testdiagramsimple-eps-converted-to.pdf>
(epstopdf)                    date: 2021-05-06 10:39:47
(epstopdf)                    size: 44263 bytes
(epstopdf)             Command: <miktex-epstopdf --outfile=./figures/testdiagramsimple-eps-converted-to.pdf ./figures/testdiagramsimple.eps>
(epstopdf)             \includegraphics on input line 644.
Package epstopdf Info: Output file is already uptodate.


pdfTeX warning: pdflatex (file ./figures/testdiagramsimple-eps-converted-to.pdf): PDF inclusion: found PDF version <1.7>, but at most version <1.5> allowed
<./figures/testdiagramsimple-eps-converted-to.pdf, id=1142, 1479.5275pt x 590.205pt>
File: ./figures/testdiagramsimple-eps-converted-to.pdf Graphic file (type pdf)
<use ./figures/testdiagramsimple-eps-converted-to.pdf>
Package pdftex.def Info: ./figures/testdiagramsimple-eps-converted-to.pdf  used on input line 644.
(pdftex.def)             Requested size: 341.43436pt x 136.20358pt.
<./figures/hjkhh7UmEx.png, id=1146, 1201.48875pt x 716.6775pt>
File: ./figures/hjkhh7UmEx.png Graphic file (type png)
<use ./figures/hjkhh7UmEx.png>
Package pdftex.def Info: ./figures/hjkhh7UmEx.png  used on input line 687.
(pdftex.def)             Requested size: 341.43436pt x 203.66469pt.
[46 <./figures/testdiagramsimple-eps-converted-to.pdf>]
Package epstopdf Info: Source file: <./figures/waveformxcorr.eps>
(epstopdf)                    date: 2021-05-06 10:39:47
(epstopdf)                    size: 1571802 bytes
(epstopdf)             Output file: <./figures/waveformxcorr-eps-converted-to.pdf>
(epstopdf)                    date: 2021-05-06 10:39:47
(epstopdf)                    size: 137163 bytes
(epstopdf)             Command: <miktex-epstopdf --outfile=./figures/waveformxcorr-eps-converted-to.pdf ./figures/waveformxcorr.eps>
(epstopdf)             \includegraphics on input line 702.
Package epstopdf Info: Output file is already uptodate.


pdfTeX warning: pdflatex (file ./figures/waveformxcorr-eps-converted-to.pdf): PDF inclusion: found PDF version <1.7>, but at most version <1.5> allowed
<./figures/waveformxcorr-eps-converted-to.pdf, id=1177, 491.8375pt x 487.8225pt>
File: ./figures/waveformxcorr-eps-converted-to.pdf Graphic file (type pdf)
<use ./figures/waveformxcorr-eps-converted-to.pdf>
Package pdftex.def Info: ./figures/waveformxcorr-eps-converted-to.pdf  used on input line 702.
(pdftex.def)             Requested size: 341.43436pt x 338.65974pt.
Package epstopdf Info: Source file: <./figures/aluplatemeasured.eps>
(epstopdf)                    date: 2021-05-06 10:39:47
(epstopdf)                    size: 549378 bytes
(epstopdf)             Output file: <./figures/aluplatemeasured-eps-converted-to.pdf>
(epstopdf)                    date: 2021-05-06 10:39:47
(epstopdf)                    size: 24731 bytes
(epstopdf)             Command: <miktex-epstopdf --outfile=./figures/aluplatemeasured-eps-converted-to.pdf ./figures/aluplatemeasured.eps>
(epstopdf)             \includegraphics on input line 718.
Package epstopdf Info: Output file is already uptodate.


pdfTeX warning: pdflatex (file ./figures/aluplatemeasured-eps-converted-to.pdf): PDF inclusion: found PDF version <1.7>, but at most version <1.5> allowed
<./figures/aluplatemeasured-eps-converted-to.pdf, id=1178, 388.45125pt x 299.1175pt>
File: ./figures/aluplatemeasured-eps-converted-to.pdf Graphic file (type pdf)
<use ./figures/aluplatemeasured-eps-converted-to.pdf>
Package pdftex.def Info: ./figures/aluplatemeasured-eps-converted-to.pdf  used on input line 718.
(pdftex.def)             Requested size: 341.43436pt x 262.9184pt.
[47 <./figures/hjkhh7UmEx.png>] [48 <./figures/waveformxcorr-eps-converted-to.pdf>] [49 <./figures/aluplatemeasured-eps-converted-to.pdf>] [50] [51]
Chapter 7.
[52

]
<./figures/gantt.pdf, id=1255, 1195.0156pt x 682.86618pt>
File: ./figures/gantt.pdf Graphic file (type pdf)
<use ./figures/gantt.pdf>
Package pdftex.def Info: ./figures/gantt.pdf  used on input line 792.
(pdftex.def)             Requested size: 1195.0127pt x 682.8645pt.
File: ./figures/gantt.pdf Graphic file (type pdf)
<use ./figures/gantt.pdf>
Package pdftex.def Info: ./figures/gantt.pdf  used on input line 792.
(pdftex.def)             Requested size: 1195.0127pt x 682.8645pt.
<./figures/gantt.pdf, id=1258, page=1, 1195.0156pt x 682.86618pt>
File: ./figures/gantt.pdf Graphic file (type pdf)
<use ./figures/gantt.pdf, page 1>
Package pdftex.def Info: ./figures/gantt.pdf , page1 used on input line 792.
(pdftex.def)             Requested size: 1195.0127pt x 682.8645pt.
File: ./figures/gantt.pdf Graphic file (type pdf)
<use ./figures/gantt.pdf, page 1>
Package pdftex.def Info: ./figures/gantt.pdf , page1 used on input line 792.
(pdftex.def)             Requested size: 1195.0127pt x 682.8645pt.
 [53]
File: ./figures/gantt.pdf Graphic file (type pdf)
<use ./figures/gantt.pdf, page 1>
Package pdftex.def Info: ./figures/gantt.pdf , page1 used on input line 792.
(pdftex.def)             Requested size: 1195.0127pt x 682.8645pt.
File: ./figures/gantt.pdf Graphic file (type pdf)
<use ./figures/gantt.pdf, page 1>
Package pdftex.def Info: ./figures/gantt.pdf , page1 used on input line 792.
(pdftex.def)             Requested size: 1195.0127pt x 682.8645pt.
File: ./figures/gantt.pdf Graphic file (type pdf)
<use ./figures/gantt.pdf, page 1>
Package pdftex.def Info: ./figures/gantt.pdf , page1 used on input line 792.
(pdftex.def)             Requested size: 1195.0127pt x 682.8645pt.
 [54 <./figures/gantt.pdf, page is rotated 90 degrees>] (c:/Users\yulel\Documents\LaTeX\Progression-report\main.bbl [55

] [56] [57] [58] [59] [60] [61] [62] [63] [64]) [65] (c:/Users\yulel\Documents\LaTeX\Progression-report\main.aux)
Package rerunfilecheck Info: File `main.out' has not changed.
(rerunfilecheck)             Checksum: 35B173D1F92BD452450EC3E80750CE02;9910.
 ) 
Here is how much of TeX's memory you used:
 31043 strings out of 479324
 604986 string characters out of 2856815
 913795 words of memory out of 3000000
 47525 multiletter control sequences out of 15000+600000
 418078 words of font info for 82 fonts, out of 8000000 for 9000
 1141 hyphenation exceptions out of 8191
 111i,21n,117p,3733b,1156s stack positions out of 5000i,500n,10000p,200000b,80000s
 <C:\Users\yulel\AppData\Local\MiKTeX\fonts/pk/ljfour/jknappen/ec/dpi600\tcrm0900.pk> <C:\Users\yulel\AppData\Local\MiKTeX\fonts/pk/ljfour/jknappen/ec/dpi600\tcrm1000.pk><C:/Users/yulel/AppData/Local/Programs/MiKTeX/fonts/type1/ibm/plex/IBMPlexSans-Bold.pfb><C:/Users/yulel/AppData/Local/Programs/MiKTeX/fonts/type1/ibm/plex/IBMPlexSans-Text.pfb><C:/Users/yulel/AppData/Local/Programs/MiKTeX/fonts/type1/public/libertinus-type1/LibertinusSans-Bold.pfb><C:/Users/yulel/AppData/Local/Programs/MiKTeX/fonts/type1/public/libertinus-type1/LibertinusSans-Italic.pfb><C:/Users/yulel/AppData/Local/Programs/MiKTeX/fonts/type1/public/libertinus-type1/LibertinusSans-Regular.pfb><C:/Users/yulel/AppData/Local/Programs/MiKTeX/fonts/type1/public/amsfonts/cm/cmbx10.pfb><C:/Users/yulel/AppData/Local/Programs/MiKTeX/fonts/type1/public/amsfonts/cm/cmbx12.pfb><C:/Users/yulel/AppData/Local/Programs/MiKTeX/fonts/type1/public/amsfonts/cm/cmbx9.pfb><C:/Users/yulel/AppData/Local/Programs/MiKTeX/fonts/type1/public/amsfonts/cm/cmex10.pfb><C:/Users/yulel/AppData/Local/Programs/MiKTeX/fonts/type1/public/amsfonts/cm/cmmi10.pfb><C:/Users/yulel/AppData/Local/Programs/MiKTeX/fonts/type1/public/amsfonts/cm/cmmi6.pfb><C:/Users/yulel/AppData/Local/Programs/MiKTeX/fonts/type1/public/amsfonts/cm/cmmi7.pfb><C:/Users/yulel/AppData/Local/Programs/MiKTeX/fonts/type1/public/amsfonts/cm/cmmi9.pfb><C:/Users/yulel/AppData/Local/Programs/MiKTeX/fonts/type1/public/amsfonts/cm/cmr10.pfb><C:/Users/yulel/AppData/Local/Programs/MiKTeX/fonts/type1/public/amsfonts/cm/cmr12.pfb><C:/Users/yulel/AppData/Local/Programs/MiKTeX/fonts/type1/public/amsfonts/cm/cmr6.pfb><C:/Users/yulel/AppData/Local/Programs/MiKTeX/fonts/type1/public/amsfonts/cm/cmr7.pfb><C:/Users/yulel/AppData/Local/Programs/MiKTeX/fonts/type1/public/amsfonts/cm/cmr9.pfb><C:/Users/yulel/AppData/Local/Programs/MiKTeX/fonts/type1/public/amsfonts/cm/cmsy10.pfb><C:/Users/yulel/AppData/Local/Programs/MiKTeX/fonts/type1/public/amsfonts/cm/cmsy7.pfb><C:/Users/yulel/AppData/Local/Programs/MiKTeX/fonts/type1/public/amsfonts/cm/cmti10.pfb><C:/Users/yulel/AppData/Local/Programs/MiKTeX/fonts/type1/public/amsfonts/cm/cmti9.pfb>
Output written on c:/Users\yulel\Documents\LaTeX\Progression-report\main.pdf (67 pages, 22012639 bytes).
PDF statistics:
 1486 PDF objects out of 1728 (max. 8388607)
 331 named destinations out of 1000 (max. 500000)
 540 words of extra memory for PDF output out of 10000 (max. 10000000)

