\BOOKMARK [0][]{chapter.1}{\376\377\0001\000\040\000I\000n\000t\000r\000o\000d\000u\000c\000t\000i\000o\000n}{}% 1
\BOOKMARK [1][]{section.1.1}{\376\377\0001\000.\0001\000\040\000R\000e\000s\000e\000a\000r\000c\000h\000\040\000o\000b\000j\000e\000c\000t\000i\000v\000e\000s}{chapter.1}% 2
\BOOKMARK [2][]{subsection.1.1.1}{\376\377\0001\000.\0001\000.\0001\000\040\000R\000e\000s\000e\000a\000r\000c\000h\000\040\000q\000u\000e\000s\000t\000i\000o\000n\000s}{section.1.1}% 3
\BOOKMARK [1][]{section.1.2}{\376\377\0001\000.\0002\000\040\000R\000e\000s\000e\000a\000r\000c\000h\000\040\000o\000u\000t\000p\000u\000t}{chapter.1}% 4
\BOOKMARK [0][]{chapter.2}{\376\377\0002\000\040\000L\000i\000t\000e\000r\000a\000t\000u\000r\000e\000\040\000R\000e\000v\000i\000e\000w}{}% 5
\BOOKMARK [1][]{section.2.1}{\376\377\0002\000.\0001\000\040\000I\000n\000t\000r\000o\000d\000u\000c\000t\000i\000o\000n}{chapter.2}% 6
\BOOKMARK [1][]{section.2.2}{\376\377\0002\000.\0002\000\040\000C\000u\000r\000r\000e\000n\000t\000\040\000s\000u\000r\000f\000a\000c\000e\000\040\000t\000e\000m\000p\000e\000r\000a\000t\000u\000r\000e\000\040\000m\000o\000n\000i\000t\000o\000r\000i\000n\000g\000\040\000s\000t\000r\000a\000t\000e\000g\000i\000e\000s}{chapter.2}% 7
\BOOKMARK [2][]{subsection.2.2.1}{\376\377\0002\000.\0002\000.\0001\000\040\000N\000u\000m\000e\000r\000i\000c\000a\000l\000\040\000m\000e\000t\000h\000o\000d\000s\000\040\000f\000o\000r\000\040\000t\000e\000m\000p\000e\000r\000a\000t\000u\000r\000e\000\040\000e\000s\000t\000i\000m\000a\000t\000i\000o\000n}{section.2.2}% 8
\BOOKMARK [2][]{subsection.2.2.2}{\376\377\0002\000.\0002\000.\0002\000\040\000O\000f\000f\000l\000i\000n\000e\000\040\000M\000o\000n\000i\000t\000o\000r\000i\000n\000g\000\040\000M\000e\000t\000h\000o\000d\000s}{section.2.2}% 9
\BOOKMARK [2][]{subsection.2.2.3}{\376\377\0002\000.\0002\000.\0003\000\040\000O\000n\000l\000i\000n\000e\000\040\000M\000o\000n\000i\000t\000o\000r\000i\000n\000g\000\040\000M\000e\000t\000h\000o\000d\000s}{section.2.2}% 10
\BOOKMARK [1][]{section.2.3}{\376\377\0002\000.\0003\000\040\000E\000m\000e\000r\000g\000i\000n\000g\000\040\000t\000e\000c\000h\000n\000i\000q\000u\000e\000s\000\040\000f\000o\000r\000\040\000o\000n\000l\000i\000n\000e\000\040\000m\000o\000n\000i\000t\000o\000r\000i\000n\000g}{chapter.2}% 11
\BOOKMARK [2][]{subsection.2.3.1}{\376\377\0002\000.\0003\000.\0001\000\040\000U\000l\000t\000r\000a\000s\000o\000n\000i\000c\000\040\000S\000t\000r\000u\000c\000t\000u\000r\000a\000l\000\040\000H\000e\000a\000l\000t\000h\000\040\000M\000o\000n\000i\000t\000o\000r\000i\000n\000g}{section.2.3}% 12
\BOOKMARK [2][]{subsection.2.3.2}{\376\377\0002\000.\0003\000.\0002\000\040\000A\000c\000o\000u\000s\000t\000i\000c\000\040\000t\000e\000m\000p\000e\000r\000a\000t\000u\000r\000e\000\040\000s\000e\000n\000s\000i\000n\000g}{section.2.3}% 13
\BOOKMARK [2][]{subsection.2.3.3}{\376\377\0002\000.\0003\000.\0003\000\040\000I\000n\000t\000r\000o\000d\000u\000c\000i\000n\000g\000\040\000L\000a\000m\000b\000\040\000w\000a\000v\000e\000s\000\040\000f\000o\000r\000\040\000t\000e\000m\000p\000e\000r\000a\000t\000u\000r\000e\000\040\000s\000e\000n\000s\000i\000n\000g}{section.2.3}% 14
\BOOKMARK [1][]{section.2.4}{\376\377\0002\000.\0004\000\040\000C\000o\000n\000c\000l\000u\000s\000i\000o\000n}{chapter.2}% 15
\BOOKMARK [1][]{section.2.5}{\376\377\0002\000.\0005\000\040\000O\000t\000h\000e\000r\000\040\000a\000p\000p\000l\000i\000c\000a\000t\000i\000o\000n\000s}{chapter.2}% 16
\BOOKMARK [0][]{chapter.3}{\376\377\0003\000\040\000T\000h\000e\000o\000r\000e\000t\000i\000c\000a\000l\000\040\000t\000e\000m\000p\000e\000r\000a\000t\000u\000r\000e\000\040\000s\000e\000n\000s\000i\000t\000i\000v\000i\000t\000y\000\040\000o\000f\000\040\000L\000a\000m\000b\000\040\000w\000a\000v\000e\000s}{}% 17
\BOOKMARK [1][]{section.3.1}{\376\377\0003\000.\0001\000\040\000M\000u\000l\000t\000i\000-\000m\000o\000d\000a\000l\000\040\000L\000a\000m\000b\000\040\000w\000a\000v\000e\000s}{chapter.3}% 18
\BOOKMARK [1][]{section.3.2}{\376\377\0003\000.\0002\000\040\000G\000e\000n\000e\000r\000a\000t\000i\000o\000n\000\040\000o\000f\000\040\000d\000i\000s\000p\000e\000r\000s\000i\000o\000n\000\040\000c\000u\000r\000v\000e\000s}{chapter.3}% 19
\BOOKMARK [0][]{chapter.4}{\376\377\0004\000\040\000C\000O\000M\000S\000O\000L\000\040\000s\000i\000m\000u\000l\000a\000t\000i\000o\000n\000s\000\040\000o\000f\000\040\000L\000a\000m\000b\000\040\000w\000a\000v\000e\000\040\000p\000r\000o\000p\000a\000g\000a\000t\000i\000o\000n}{}% 20
\BOOKMARK [1][]{section.4.1}{\376\377\0004\000.\0001\000\040\000V\000a\000r\000i\000a\000b\000l\000e\000\040\000a\000n\000g\000l\000e\000\040\000w\000e\000d\000g\000e\000\040\000s\000i\000m\000u\000l\000a\000t\000i\000o\000n}{chapter.4}% 21
\BOOKMARK [0][]{chapter.5}{\376\377\0005\000\040\000E\000x\000p\000e\000r\000i\000m\000e\000n\000t\000a\000l\000\040\000i\000n\000v\000e\000s\000t\000i\000g\000a\000t\000i\000o\000n\000\040\000o\000f\000\040\000L\000a\000m\000b\000\040\000w\000a\000v\000e\000\040\000t\000e\000m\000p\000e\000r\000a\000t\000u\000r\000e\000\040\000s\000e\000n\000s\000i\000t\000i\000v\000i\000t\000y}{}% 22
\BOOKMARK [1][]{section.5.1}{\376\377\0005\000.\0001\000\040\000T\000e\000s\000t\000\040\000M\000e\000t\000h\000o\000d}{chapter.5}% 23
\BOOKMARK [1][]{section.5.2}{\376\377\0005\000.\0002\000\040\000S\0000\000\040\000m\000o\000d\000e\000\040\000\050\0001\000\040\000M\000H\000z\000-\000m\000m\000\051}{chapter.5}% 24
\BOOKMARK [2][]{subsection.5.2.1}{\376\377\0005\000.\0002\000.\0001\000\040\000S\0000\000\040\000m\000o\000d\000e\000\040\000r\000e\000s\000u\000l\000t\000s}{section.5.2}% 25
\BOOKMARK [1][]{section.5.3}{\376\377\0005\000.\0003\000\040\000A\0001\000\040\000m\000o\000d\000e\000\040\000\050\0002\000.\0005\000\040\000M\000H\000z\000-\000m\000m\000\051}{chapter.5}% 26
\BOOKMARK [1][]{section.5.4}{\376\377\0005\000.\0004\000\040\000S\0001\000\040\000m\000o\000d\000e\000\040\000\050\0004\000\040\000M\000H\000z\000-\000m\000m\000\051}{chapter.5}% 27
\BOOKMARK [1][]{section.5.5}{\376\377\0005\000.\0005\000\040\000E\000x\000p\000e\000r\000i\000m\000e\000n\000t\000a\000l\000\040\000s\000e\000n\000s\000i\000t\000i\000v\000i\000t\000y\000\040\000a\000n\000a\000l\000y\000s\000i\000s}{chapter.5}% 28
\BOOKMARK [1][]{section.5.6}{\376\377\0005\000.\0006\000\040\000C\000o\000n\000c\000l\000u\000s\000i\000o\000n}{chapter.5}% 29
\BOOKMARK [0][]{chapter.6}{\376\377\0006\000\040\000P\000l\000a\000n}{}% 30
\BOOKMARK [1][]{section.6.1}{\376\377\0006\000.\0001\000\040\000R\000e\000s\000e\000a\000r\000c\000h\000\040\000S\000u\000m\000m\000a\000r\000y}{chapter.6}% 31
\BOOKMARK [1][]{section.6.2}{\376\377\0006\000.\0002\000\040\000F\000u\000t\000u\000r\000e\000\040\000p\000l\000a\000n\000s}{chapter.6}% 32
\BOOKMARK [1][]{section.6.3}{\376\377\0006\000.\0003\000\040\000G\000a\000n\000t\000t\000\040\000c\000h\000a\000r\000t}{chapter.6}% 33
